#
# There is insufficient memory for the Java Runtime Environment to continue.
# Native memory allocation (malloc) failed to allocate 1032816 bytes for Chunk::new
# Possible reasons:
#   The system is out of physical RAM or swap space
#   The process is running with CompressedOops enabled, and the Java Heap may be blocking the growth of the native heap
# Possible solutions:
#   Reduce memory load on the system
#   Increase physical memory or swap space
#   Check if swap backing store is full
#   Decrease Java heap size (-Xmx/-Xms)
#   Decrease number of Java threads
#   Decrease Java thread stack sizes (-Xss)
#   Set larger code cache with -XX:ReservedCodeCacheSize=
#   JVM is running with Unscaled Compressed Oops mode in which the Java heap is
#     placed in the first 4GB address space. The Java Heap base address is the
#     maximum limit for the native heap growth. Please use -XX:HeapBaseMinAddress
#     to set the Java Heap base and to place the Java Heap above 4GB virtual address.
# This output file may be truncated or incomplete.
#
#  Out of Memory Error (./src/hotspot/share/memory/arena.cpp:197), pid=9556, tid=14264
#
# JRE version: OpenJDK Runtime Environment (11.0.11+9) (build 11.0.11+9-b60-7590822)
# Java VM: OpenJDK 64-Bit Server VM (11.0.11+9-b60-7590822, mixed mode, tiered, compressed oops, g1 gc, windows-amd64)
# No core dump will be written. Minidumps are not enabled by default on client versions of Windows
#

---------------  S U M M A R Y ------------

Command Line: --add-opens=java.base/java.util=ALL-UNNAMED --add-opens=java.base/java.lang=ALL-UNNAMED --add-opens=java.base/java.lang.invoke=ALL-UNNAMED --add-opens=java.base/java.util=ALL-UNNAMED --add-opens=java.prefs/java.util.prefs=ALL-UNNAMED --add-opens=java.prefs/java.util.prefs=ALL-UNNAMED --add-opens=java.base/java.nio.charset=ALL-UNNAMED --add-opens=java.base/java.net=ALL-UNNAMED --add-opens=java.base/java.util.concurrent.atomic=ALL-UNNAMED -Xmx2048m -Dfile.encoding=UTF-8 -Duser.country=RU -Duser.language=ru -Duser.variant org.gradle.launcher.daemon.bootstrap.GradleDaemon 7.0.2

Host: Intel(R) Core(TM) i3-10100F CPU @ 3.60GHz, 8 cores, 15G,  Windows 10 , 64 bit Build 19041 (10.0.19041.1645)
Time: Wed Apr 20 22:20:12 2022 RTZ 2 (зима) elapsed time: 2.423754 seconds (0d 0h 0m 2s)

---------------  T H R E A D  ---------------

Current thread (0x0000026306dd3000):  JavaThread "C2 CompilerThread1" daemon [_thread_in_native, id=14264, stack(0x00000079e7500000,0x00000079e7600000)]


Current CompileTask:
C2:   2423 2498  s!   4       jdk.internal.loader.URLClassPath::getLoader (194 bytes)

Stack: [0x00000079e7500000,0x00000079e7600000]
Native frames: (J=compiled Java code, j=interpreted, Vv=VM code, C=native code)
V  [jvm.dll+0x5f214a]
V  [jvm.dll+0x726fb5]
V  [jvm.dll+0x7285cd]
V  [jvm.dll+0x728c83]
V  [jvm.dll+0x243278]
V  [jvm.dll+0xbc53c]
V  [jvm.dll+0xbca3c]
V  [jvm.dll+0x353e3b]
V  [jvm.dll+0x19895c]
V  [jvm.dll+0x1fc2ee]
V  [jvm.dll+0x1fb3d4]
V  [jvm.dll+0x183d6c]
V  [jvm.dll+0x209a57]
V  [jvm.dll+0x2082a1]
V  [jvm.dll+0x6ef58f]
V  [jvm.dll+0x6e80b5]
V  [jvm.dll+0x5f1036]
C  [ucrtbase.dll+0x21bb2]
C  [KERNEL32.DLL+0x17034]
C  [ntdll.dll+0x52651]


---------------  P R O C E S S  ---------------

Threads class SMR info:
_java_thread_list=0x000002630aa82e50, length=32, elements={
0x000002636b64a800, 0x0000026306b27000, 0x0000026306b6c800, 0x0000026306b90000,
0x0000026306b93000, 0x0000026306b97800, 0x0000026306b99000, 0x0000026306ba0000,
0x0000026306bac000, 0x0000026306d3b000, 0x0000026306dd3000, 0x000002630745b000,
0x0000026308747000, 0x0000026308d55800, 0x0000026308b22800, 0x0000026309119800,
0x0000026308f81000, 0x0000026308ba7000, 0x0000026309078800, 0x00000263093dc800,
0x00000263093da800, 0x0000026308fcf000, 0x0000026308fcd800, 0x0000026308fcb000,
0x0000026308fca000, 0x0000026308fce800, 0x0000026308fcc000, 0x0000026308fd1000,
0x0000026308fd0000, 0x0000026308fcc800, 0x000002630a9ab000, 0x000002630a9af800
}

Java Threads: ( => current thread )
  0x000002636b64a800 JavaThread "main" [_thread_blocked, id=12488, stack(0x00000079e6400000,0x00000079e6500000)]
  0x0000026306b27000 JavaThread "Reference Handler" daemon [_thread_blocked, id=11772, stack(0x00000079e6b00000,0x00000079e6c00000)]
  0x0000026306b6c800 JavaThread "Finalizer" daemon [_thread_blocked, id=14512, stack(0x00000079e6c00000,0x00000079e6d00000)]
  0x0000026306b90000 JavaThread "Signal Dispatcher" daemon [_thread_blocked, id=13960, stack(0x00000079e6d00000,0x00000079e6e00000)]
  0x0000026306b93000 JavaThread "Attach Listener" daemon [_thread_blocked, id=2588, stack(0x00000079e6e00000,0x00000079e6f00000)]
  0x0000026306b97800 JavaThread "Service Thread" daemon [_thread_blocked, id=12796, stack(0x00000079e6f00000,0x00000079e7000000)]
  0x0000026306b99000 JavaThread "C2 CompilerThread0" daemon [_thread_in_native, id=4796, stack(0x00000079e7000000,0x00000079e7100000)]
  0x0000026306ba0000 JavaThread "C1 CompilerThread0" daemon [_thread_blocked, id=6440, stack(0x00000079e7100000,0x00000079e7200000)]
  0x0000026306bac000 JavaThread "Sweeper thread" daemon [_thread_blocked, id=12788, stack(0x00000079e7200000,0x00000079e7300000)]
  0x0000026306d3b000 JavaThread "Common-Cleaner" daemon [_thread_blocked, id=13280, stack(0x00000079e7300000,0x00000079e7400000)]
=>0x0000026306dd3000 JavaThread "C2 CompilerThread1" daemon [_thread_in_native, id=14264, stack(0x00000079e7500000,0x00000079e7600000)]
  0x000002630745b000 JavaThread "C2 CompilerThread2" daemon [_thread_in_native, id=488, stack(0x00000079e7600000,0x00000079e7700000)]
  0x0000026308747000 JavaThread "Daemon health stats" [_thread_blocked, id=6416, stack(0x00000079e7c00000,0x00000079e7d00000)]
  0x0000026308d55800 JavaThread "Incoming local TCP Connector on port 57001" [_thread_in_native, id=3104, stack(0x00000079e7d00000,0x00000079e7e00000)]
  0x0000026308b22800 JavaThread "Daemon periodic checks" [_thread_blocked, id=12872, stack(0x00000079e7e00000,0x00000079e7f00000)]
  0x0000026309119800 JavaThread "Daemon" [_thread_blocked, id=6792, stack(0x00000079e7f00000,0x00000079e8000000)]
  0x0000026308f81000 JavaThread "Handler for socket connection from /127.0.0.1:57001 to /127.0.0.1:57002" [_thread_in_native, id=15316, stack(0x00000079e8000000,0x00000079e8100000)]
  0x0000026308ba7000 JavaThread "Cancel handler" [_thread_blocked, id=3832, stack(0x00000079e8100000,0x00000079e8200000)]
  0x0000026309078800 JavaThread "Daemon worker" [_thread_in_vm, id=8008, stack(0x00000079e8200000,0x00000079e8300000)]
  0x00000263093dc800 JavaThread "Asynchronous log dispatcher for DefaultDaemonConnection: socket connection from /127.0.0.1:57001 to /127.0.0.1:57002" [_thread_blocked, id=1796, stack(0x00000079e8300000,0x00000079e8400000)]
  0x00000263093da800 JavaThread "Stdin handler" [_thread_blocked, id=6884, stack(0x00000079e8400000,0x00000079e8500000)]
  0x0000026308fcf000 JavaThread "Daemon client event forwarder" [_thread_blocked, id=7580, stack(0x00000079e8500000,0x00000079e8600000)]
  0x0000026308fcd800 JavaThread "Cache worker for file hash cache (C:\Users\xincas\.gradle\caches\7.0.2\fileHashes)" [_thread_blocked, id=8220, stack(0x00000079e8600000,0x00000079e8700000)]
  0x0000026308fcb000 JavaThread "File lock request listener" [_thread_in_native, id=15336, stack(0x00000079e8700000,0x00000079e8800000)]
  0x0000026308fca000 JavaThread "Cache worker for journal cache (C:\Users\xincas\.gradle\caches\journal-1)" [_thread_blocked, id=552, stack(0x00000079e8b00000,0x00000079e8c00000)]
  0x0000026308fce800 JavaThread "Cache worker for file hash cache (C:\Users\xincas\AndroidStudioProjects\BorutoApp\.gradle\7.0.2\fileHashes)" [_thread_blocked, id=2004, stack(0x00000079e8c00000,0x00000079e8d00000)]
  0x0000026308fcc000 JavaThread "File watcher server" daemon [_thread_in_native, id=12232, stack(0x00000079e8d00000,0x00000079e8e00000)]
  0x0000026308fd1000 JavaThread "File watcher consumer" daemon [_thread_blocked, id=2824, stack(0x00000079e8e00000,0x00000079e8f00000)]
  0x0000026308fd0000 JavaThread "Cache worker for checksums cache (C:\Users\xincas\AndroidStudioProjects\BorutoApp\.gradle\checksums)" [_thread_blocked, id=6332, stack(0x00000079e8f00000,0x00000079e9000000)]
  0x0000026308fcc800 JavaThread "Cache worker for cache directory md-supplier (C:\Users\xincas\.gradle\caches\7.0.2\md-supplier)" [_thread_blocked, id=3144, stack(0x00000079e9000000,0x00000079e9100000)]
  0x000002630a9ab000 JavaThread "Cache worker for cache directory md-rule (C:\Users\xincas\.gradle\caches\7.0.2\md-rule)" [_thread_blocked, id=14920, stack(0x00000079e9100000,0x00000079e9200000)]
  0x000002630a9af800 JavaThread "Cache worker for execution history cache (C:\Users\xincas\.gradle\caches\7.0.2\executionHistory)" [_thread_blocked, id=2468, stack(0x00000079e9200000,0x00000079e9300000)]

Other Threads:
  0x0000026306b23800 VMThread "VM Thread" [stack: 0x00000079e6a00000,0x00000079e6b00000] [id=7548]
  0x0000026306d8d800 WatcherThread [stack: 0x00000079e7400000,0x00000079e7500000] [id=10076]
  0x000002636b662800 GCTaskThread "GC Thread#0" [stack: 0x00000079e6500000,0x00000079e6600000] [id=9088]
  0x000002630768d000 GCTaskThread "GC Thread#1" [stack: 0x00000079e7700000,0x00000079e7800000] [id=14424]
  0x0000026307b94000 GCTaskThread "GC Thread#2" [stack: 0x00000079e7800000,0x00000079e7900000] [id=2596]
  0x0000026307b94800 GCTaskThread "GC Thread#3" [stack: 0x00000079e7900000,0x00000079e7a00000] [id=7092]
  0x000002630754a800 GCTaskThread "GC Thread#4" [stack: 0x00000079e7a00000,0x00000079e7b00000] [id=3588]
  0x0000026307b48800 GCTaskThread "GC Thread#5" [stack: 0x00000079e7b00000,0x00000079e7c00000] [id=4696]
  0x0000026308be6000 GCTaskThread "GC Thread#6" [stack: 0x00000079e8800000,0x00000079e8900000] [id=10884]
  0x000002630960d800 GCTaskThread "GC Thread#7" [stack: 0x00000079e8900000,0x00000079e8a00000] [id=7004]
  0x000002636b69f000 ConcurrentGCThread "G1 Main Marker" [stack: 0x00000079e6600000,0x00000079e6700000] [id=11872]
  0x000002636b6a0000 ConcurrentGCThread "G1 Conc#0" [stack: 0x00000079e6700000,0x00000079e6800000] [id=11456]
  0x000002630729f000 ConcurrentGCThread "G1 Conc#1" [stack: 0x00000079e8a00000,0x00000079e8b00000] [id=13464]
  0x000002630618e800 ConcurrentGCThread "G1 Refine#0" [stack: 0x00000079e6800000,0x00000079e6900000] [id=13064]
  0x000002630618f800 ConcurrentGCThread "G1 Young RemSet Sampling" [stack: 0x00000079e6900000,0x00000079e6a00000] [id=11648]

Threads with active compile tasks:
C2 CompilerThread0   2433 2715       4       java.util.regex.Pattern$BmpCharProperty::match (55 bytes)
C2 CompilerThread1   2433 2498  s!   4       jdk.internal.loader.URLClassPath::getLoader (194 bytes)
C2 CompilerThread2   2433 2626       4       jdk.internal.loader.URLClassPath::getResource (74 bytes)

VM state:not at safepoint (normal execution)

VM Mutex/Monitor currently owned by a thread: None

Heap address: 0x0000000080000000, size: 2048 MB, Compressed Oops mode: 32-bit
Narrow klass base: 0x0000000000000000, Narrow klass shift: 3
Compressed class space size: 1073741824 Address: 0x0000000100000000

Heap:
 garbage-first heap   total 262144K, used 55815K [0x0000000080000000, 0x0000000100000000)
  region size 1024K, 40 young (40960K), 3 survivors (3072K)
 Metaspace       used 32507K, capacity 33274K, committed 33536K, reserved 1079296K
  class space    used 4241K, capacity 4544K, committed 4608K, reserved 1048576K
Heap Regions: E=young(eden), S=young(survivor), O=old, HS=humongous(starts), HC=humongous(continues), CS=collection set, F=free, A=archive, TAMS=top-at-mark-start (previous, next)
|   0|0x0000000080000000, 0x0000000080100000, 0x0000000080100000|100%| O|  |TAMS 0x0000000080000000, 0x0000000080000000| Untracked 
|   1|0x0000000080100000, 0x0000000080200000, 0x0000000080200000|100%| O|  |TAMS 0x0000000080100000, 0x0000000080100000| Untracked 
|   2|0x0000000080200000, 0x0000000080300000, 0x0000000080300000|100%| O|  |TAMS 0x0000000080200000, 0x0000000080200000| Untracked 
|   3|0x0000000080300000, 0x0000000080400000, 0x0000000080400000|100%|HS|  |TAMS 0x0000000080400000, 0x0000000080300000| Complete 
|   4|0x0000000080400000, 0x0000000080500000, 0x0000000080500000|100%|HC|  |TAMS 0x0000000080500000, 0x0000000080400000| Complete 
|   5|0x0000000080500000, 0x0000000080600000, 0x0000000080600000|100%|HC|  |TAMS 0x0000000080600000, 0x0000000080500000| Complete 
|   6|0x0000000080600000, 0x0000000080700000, 0x0000000080700000|100%| O|  |TAMS 0x0000000080700000, 0x0000000080600000| Untracked 
|   7|0x0000000080700000, 0x0000000080800000, 0x0000000080800000|100%| O|  |TAMS 0x0000000080800000, 0x0000000080700000| Untracked 
|   8|0x0000000080800000, 0x0000000080900000, 0x0000000080900000|100%| O|  |TAMS 0x0000000080900000, 0x0000000080800000| Untracked 
|   9|0x0000000080900000, 0x0000000080a00000, 0x0000000080a00000|100%| O|  |TAMS 0x000000008090b400, 0x0000000080900000| Untracked 
|  10|0x0000000080a00000, 0x0000000080b00000, 0x0000000080b00000|100%| O|  |TAMS 0x0000000080a00000, 0x0000000080a00000| Untracked 
|  11|0x0000000080b00000, 0x0000000080c00000, 0x0000000080c00000|100%| O|  |TAMS 0x0000000080b00000, 0x0000000080b00000| Untracked 
|  12|0x0000000080c00000, 0x0000000080d00000, 0x0000000080d00000|100%| O|  |TAMS 0x0000000080c00000, 0x0000000080c00000| Untracked 
|  13|0x0000000080d00000, 0x0000000080e00000, 0x0000000080e00000|100%| O|  |TAMS 0x0000000080d00000, 0x0000000080d00000| Untracked 
|  14|0x0000000080e00000, 0x0000000080f00000, 0x0000000080f00000|100%| O|  |TAMS 0x0000000080e00000, 0x0000000080e00000| Untracked 
|  15|0x0000000080f00000, 0x0000000080fb6a00, 0x0000000081000000| 71%| O|  |TAMS 0x0000000080f00000, 0x0000000080f00000| Untracked 
|  16|0x0000000081000000, 0x0000000081000000, 0x0000000081100000|  0%| F|  |TAMS 0x0000000081000000, 0x0000000081000000| Untracked 
|  17|0x0000000081100000, 0x0000000081100000, 0x0000000081200000|  0%| F|  |TAMS 0x0000000081100000, 0x0000000081100000| Untracked 
|  18|0x0000000081200000, 0x0000000081200000, 0x0000000081300000|  0%| F|  |TAMS 0x0000000081200000, 0x0000000081200000| Untracked 
|  19|0x0000000081300000, 0x0000000081300000, 0x0000000081400000|  0%| F|  |TAMS 0x0000000081300000, 0x0000000081300000| Untracked 
|  20|0x0000000081400000, 0x0000000081400000, 0x0000000081500000|  0%| F|  |TAMS 0x0000000081400000, 0x0000000081400000| Untracked 
|  21|0x0000000081500000, 0x0000000081500000, 0x0000000081600000|  0%| F|  |TAMS 0x0000000081500000, 0x0000000081500000| Untracked 
|  22|0x0000000081600000, 0x0000000081600000, 0x0000000081700000|  0%| F|  |TAMS 0x0000000081600000, 0x0000000081600000| Untracked 
|  23|0x0000000081700000, 0x0000000081700000, 0x0000000081800000|  0%| F|  |TAMS 0x0000000081700000, 0x0000000081700000| Untracked 
|  24|0x0000000081800000, 0x0000000081800000, 0x0000000081900000|  0%| F|  |TAMS 0x0000000081800000, 0x0000000081800000| Untracked 
|  25|0x0000000081900000, 0x0000000081900000, 0x0000000081a00000|  0%| F|  |TAMS 0x0000000081900000, 0x0000000081900000| Untracked 
|  26|0x0000000081a00000, 0x0000000081a00000, 0x0000000081b00000|  0%| F|  |TAMS 0x0000000081a00000, 0x0000000081a00000| Untracked 
|  27|0x0000000081b00000, 0x0000000081b00000, 0x0000000081c00000|  0%| F|  |TAMS 0x0000000081b00000, 0x0000000081b00000| Untracked 
|  28|0x0000000081c00000, 0x0000000081c00000, 0x0000000081d00000|  0%| F|  |TAMS 0x0000000081c00000, 0x0000000081c00000| Untracked 
|  29|0x0000000081d00000, 0x0000000081d00000, 0x0000000081e00000|  0%| F|  |TAMS 0x0000000081d00000, 0x0000000081d00000| Untracked 
|  30|0x0000000081e00000, 0x0000000081e00000, 0x0000000081f00000|  0%| F|  |TAMS 0x0000000081e00000, 0x0000000081e00000| Untracked 
|  31|0x0000000081f00000, 0x0000000081f00000, 0x0000000082000000|  0%| F|  |TAMS 0x0000000081f00000, 0x0000000081f00000| Untracked 
|  32|0x0000000082000000, 0x0000000082000000, 0x0000000082100000|  0%| F|  |TAMS 0x0000000082000000, 0x0000000082000000| Untracked 
|  33|0x0000000082100000, 0x0000000082100000, 0x0000000082200000|  0%| F|  |TAMS 0x0000000082100000, 0x0000000082100000| Untracked 
|  34|0x0000000082200000, 0x0000000082200000, 0x0000000082300000|  0%| F|  |TAMS 0x0000000082200000, 0x0000000082200000| Untracked 
|  35|0x0000000082300000, 0x0000000082300000, 0x0000000082400000|  0%| F|  |TAMS 0x0000000082300000, 0x0000000082300000| Untracked 
|  36|0x0000000082400000, 0x0000000082400000, 0x0000000082500000|  0%| F|  |TAMS 0x0000000082400000, 0x0000000082400000| Untracked 
|  37|0x0000000082500000, 0x0000000082500000, 0x0000000082600000|  0%| F|  |TAMS 0x0000000082500000, 0x0000000082500000| Untracked 
|  38|0x0000000082600000, 0x0000000082600000, 0x0000000082700000|  0%| F|  |TAMS 0x0000000082600000, 0x0000000082600000| Untracked 
|  39|0x0000000082700000, 0x0000000082700000, 0x0000000082800000|  0%| F|  |TAMS 0x0000000082700000, 0x0000000082700000| Untracked 
|  40|0x0000000082800000, 0x0000000082800000, 0x0000000082900000|  0%| F|  |TAMS 0x0000000082800000, 0x0000000082800000| Untracked 
|  41|0x0000000082900000, 0x0000000082900000, 0x0000000082a00000|  0%| F|  |TAMS 0x0000000082900000, 0x0000000082900000| Untracked 
|  42|0x0000000082a00000, 0x0000000082a00000, 0x0000000082b00000|  0%| F|  |TAMS 0x0000000082a00000, 0x0000000082a00000| Untracked 
|  43|0x0000000082b00000, 0x0000000082b00000, 0x0000000082c00000|  0%| F|  |TAMS 0x0000000082b00000, 0x0000000082b00000| Untracked 
|  44|0x0000000082c00000, 0x0000000082c00000, 0x0000000082d00000|  0%| F|  |TAMS 0x0000000082c00000, 0x0000000082c00000| Untracked 
|  45|0x0000000082d00000, 0x0000000082d00000, 0x0000000082e00000|  0%| F|  |TAMS 0x0000000082d00000, 0x0000000082d00000| Untracked 
|  46|0x0000000082e00000, 0x0000000082e00000, 0x0000000082f00000|  0%| F|  |TAMS 0x0000000082e00000, 0x0000000082e00000| Untracked 
|  47|0x0000000082f00000, 0x0000000082f00000, 0x0000000083000000|  0%| F|  |TAMS 0x0000000082f00000, 0x0000000082f00000| Untracked 
|  48|0x0000000083000000, 0x0000000083000000, 0x0000000083100000|  0%| F|  |TAMS 0x0000000083000000, 0x0000000083000000| Untracked 
|  49|0x0000000083100000, 0x0000000083100000, 0x0000000083200000|  0%| F|  |TAMS 0x0000000083100000, 0x0000000083100000| Untracked 
|  50|0x0000000083200000, 0x0000000083200000, 0x0000000083300000|  0%| F|  |TAMS 0x0000000083200000, 0x0000000083200000| Untracked 
|  51|0x0000000083300000, 0x0000000083300000, 0x0000000083400000|  0%| F|  |TAMS 0x0000000083300000, 0x0000000083300000| Untracked 
|  52|0x0000000083400000, 0x0000000083400000, 0x0000000083500000|  0%| F|  |TAMS 0x0000000083400000, 0x0000000083400000| Untracked 
|  53|0x0000000083500000, 0x0000000083500000, 0x0000000083600000|  0%| F|  |TAMS 0x0000000083500000, 0x0000000083500000| Untracked 
|  54|0x0000000083600000, 0x0000000083600000, 0x0000000083700000|  0%| F|  |TAMS 0x0000000083600000, 0x0000000083600000| Untracked 
|  55|0x0000000083700000, 0x0000000083700000, 0x0000000083800000|  0%| F|  |TAMS 0x0000000083700000, 0x0000000083700000| Untracked 
|  56|0x0000000083800000, 0x0000000083800000, 0x0000000083900000|  0%| F|  |TAMS 0x0000000083800000, 0x0000000083800000| Untracked 
|  57|0x0000000083900000, 0x0000000083900000, 0x0000000083a00000|  0%| F|  |TAMS 0x0000000083900000, 0x0000000083900000| Untracked 
|  58|0x0000000083a00000, 0x0000000083a00000, 0x0000000083b00000|  0%| F|  |TAMS 0x0000000083a00000, 0x0000000083a00000| Untracked 
|  59|0x0000000083b00000, 0x0000000083b00000, 0x0000000083c00000|  0%| F|  |TAMS 0x0000000083b00000, 0x0000000083b00000| Untracked 
|  60|0x0000000083c00000, 0x0000000083c00000, 0x0000000083d00000|  0%| F|  |TAMS 0x0000000083c00000, 0x0000000083c00000| Untracked 
|  61|0x0000000083d00000, 0x0000000083d00000, 0x0000000083e00000|  0%| F|  |TAMS 0x0000000083d00000, 0x0000000083d00000| Untracked 
|  62|0x0000000083e00000, 0x0000000083e00000, 0x0000000083f00000|  0%| F|  |TAMS 0x0000000083e00000, 0x0000000083e00000| Untracked 
|  63|0x0000000083f00000, 0x0000000083f00000, 0x0000000084000000|  0%| F|  |TAMS 0x0000000083f00000, 0x0000000083f00000| Untracked 
|  64|0x0000000084000000, 0x0000000084000000, 0x0000000084100000|  0%| F|  |TAMS 0x0000000084000000, 0x0000000084000000| Untracked 
|  65|0x0000000084100000, 0x0000000084100000, 0x0000000084200000|  0%| F|  |TAMS 0x0000000084100000, 0x0000000084100000| Untracked 
|  66|0x0000000084200000, 0x0000000084200000, 0x0000000084300000|  0%| F|  |TAMS 0x0000000084200000, 0x0000000084200000| Untracked 
|  67|0x0000000084300000, 0x0000000084300000, 0x0000000084400000|  0%| F|  |TAMS 0x0000000084300000, 0x0000000084300000| Untracked 
|  68|0x0000000084400000, 0x0000000084400000, 0x0000000084500000|  0%| F|  |TAMS 0x0000000084400000, 0x0000000084400000| Untracked 
|  69|0x0000000084500000, 0x0000000084500000, 0x0000000084600000|  0%| F|  |TAMS 0x0000000084500000, 0x0000000084500000| Untracked 
|  70|0x0000000084600000, 0x0000000084600000, 0x0000000084700000|  0%| F|  |TAMS 0x0000000084600000, 0x0000000084600000| Untracked 
|  71|0x0000000084700000, 0x0000000084700000, 0x0000000084800000|  0%| F|  |TAMS 0x0000000084700000, 0x0000000084700000| Untracked 
|  72|0x0000000084800000, 0x0000000084800000, 0x0000000084900000|  0%| F|  |TAMS 0x0000000084800000, 0x0000000084800000| Untracked 
|  73|0x0000000084900000, 0x0000000084900000, 0x0000000084a00000|  0%| F|  |TAMS 0x0000000084900000, 0x0000000084900000| Untracked 
|  74|0x0000000084a00000, 0x0000000084a00000, 0x0000000084b00000|  0%| F|  |TAMS 0x0000000084a00000, 0x0000000084a00000| Untracked 
|  75|0x0000000084b00000, 0x0000000084b00000, 0x0000000084c00000|  0%| F|  |TAMS 0x0000000084b00000, 0x0000000084b00000| Untracked 
|  76|0x0000000084c00000, 0x0000000084c00000, 0x0000000084d00000|  0%| F|  |TAMS 0x0000000084c00000, 0x0000000084c00000| Untracked 
|  77|0x0000000084d00000, 0x0000000084d00000, 0x0000000084e00000|  0%| F|  |TAMS 0x0000000084d00000, 0x0000000084d00000| Untracked 
|  78|0x0000000084e00000, 0x0000000084e00000, 0x0000000084f00000|  0%| F|  |TAMS 0x0000000084e00000, 0x0000000084e00000| Untracked 
|  79|0x0000000084f00000, 0x0000000084f00000, 0x0000000085000000|  0%| F|  |TAMS 0x0000000084f00000, 0x0000000084f00000| Untracked 
|  80|0x0000000085000000, 0x0000000085000000, 0x0000000085100000|  0%| F|  |TAMS 0x0000000085000000, 0x0000000085000000| Untracked 
|  81|0x0000000085100000, 0x0000000085100000, 0x0000000085200000|  0%| F|  |TAMS 0x0000000085100000, 0x0000000085100000| Untracked 
|  82|0x0000000085200000, 0x0000000085200000, 0x0000000085300000|  0%| F|  |TAMS 0x0000000085200000, 0x0000000085200000| Untracked 
|  83|0x0000000085300000, 0x0000000085300000, 0x0000000085400000|  0%| F|  |TAMS 0x0000000085300000, 0x0000000085300000| Untracked 
|  84|0x0000000085400000, 0x0000000085400000, 0x0000000085500000|  0%| F|  |TAMS 0x0000000085400000, 0x0000000085400000| Untracked 
|  85|0x0000000085500000, 0x0000000085500000, 0x0000000085600000|  0%| F|  |TAMS 0x0000000085500000, 0x0000000085500000| Untracked 
|  86|0x0000000085600000, 0x0000000085600000, 0x0000000085700000|  0%| F|  |TAMS 0x0000000085600000, 0x0000000085600000| Untracked 
|  87|0x0000000085700000, 0x0000000085700000, 0x0000000085800000|  0%| F|  |TAMS 0x0000000085700000, 0x0000000085700000| Untracked 
|  88|0x0000000085800000, 0x0000000085800000, 0x0000000085900000|  0%| F|  |TAMS 0x0000000085800000, 0x0000000085800000| Untracked 
|  89|0x0000000085900000, 0x0000000085900000, 0x0000000085a00000|  0%| F|  |TAMS 0x0000000085900000, 0x0000000085900000| Untracked 
|  90|0x0000000085a00000, 0x0000000085a00000, 0x0000000085b00000|  0%| F|  |TAMS 0x0000000085a00000, 0x0000000085a00000| Untracked 
|  91|0x0000000085b00000, 0x0000000085b00000, 0x0000000085c00000|  0%| F|  |TAMS 0x0000000085b00000, 0x0000000085b00000| Untracked 
|  92|0x0000000085c00000, 0x0000000085c00000, 0x0000000085d00000|  0%| F|  |TAMS 0x0000000085c00000, 0x0000000085c00000| Untracked 
|  93|0x0000000085d00000, 0x0000000085d00000, 0x0000000085e00000|  0%| F|  |TAMS 0x0000000085d00000, 0x0000000085d00000| Untracked 
|  94|0x0000000085e00000, 0x0000000085e00000, 0x0000000085f00000|  0%| F|  |TAMS 0x0000000085e00000, 0x0000000085e00000| Untracked 
|  95|0x0000000085f00000, 0x0000000085f00000, 0x0000000086000000|  0%| F|  |TAMS 0x0000000085f00000, 0x0000000085f00000| Untracked 
|  96|0x0000000086000000, 0x0000000086000000, 0x0000000086100000|  0%| F|  |TAMS 0x0000000086000000, 0x0000000086000000| Untracked 
|  97|0x0000000086100000, 0x0000000086100000, 0x0000000086200000|  0%| F|  |TAMS 0x0000000086100000, 0x0000000086100000| Untracked 
|  98|0x0000000086200000, 0x0000000086200000, 0x0000000086300000|  0%| F|  |TAMS 0x0000000086200000, 0x0000000086200000| Untracked 
|  99|0x0000000086300000, 0x0000000086300000, 0x0000000086400000|  0%| F|  |TAMS 0x0000000086300000, 0x0000000086300000| Untracked 
| 100|0x0000000086400000, 0x0000000086400000, 0x0000000086500000|  0%| F|  |TAMS 0x0000000086400000, 0x0000000086400000| Untracked 
| 101|0x0000000086500000, 0x0000000086500000, 0x0000000086600000|  0%| F|  |TAMS 0x0000000086500000, 0x0000000086500000| Untracked 
| 102|0x0000000086600000, 0x0000000086600000, 0x0000000086700000|  0%| F|  |TAMS 0x0000000086600000, 0x0000000086600000| Untracked 
| 103|0x0000000086700000, 0x0000000086700000, 0x0000000086800000|  0%| F|  |TAMS 0x0000000086700000, 0x0000000086700000| Untracked 
| 104|0x0000000086800000, 0x0000000086800000, 0x0000000086900000|  0%| F|  |TAMS 0x0000000086800000, 0x0000000086800000| Untracked 
| 105|0x0000000086900000, 0x0000000086900000, 0x0000000086a00000|  0%| F|  |TAMS 0x0000000086900000, 0x0000000086900000| Untracked 
| 106|0x0000000086a00000, 0x0000000086a00000, 0x0000000086b00000|  0%| F|  |TAMS 0x0000000086a00000, 0x0000000086a00000| Untracked 
| 107|0x0000000086b00000, 0x0000000086b00000, 0x0000000086c00000|  0%| F|  |TAMS 0x0000000086b00000, 0x0000000086b00000| Untracked 
| 108|0x0000000086c00000, 0x0000000086c00000, 0x0000000086d00000|  0%| F|  |TAMS 0x0000000086c00000, 0x0000000086c00000| Untracked 
| 109|0x0000000086d00000, 0x0000000086d00000, 0x0000000086e00000|  0%| F|  |TAMS 0x0000000086d00000, 0x0000000086d00000| Untracked 
| 110|0x0000000086e00000, 0x0000000086e00000, 0x0000000086f00000|  0%| F|  |TAMS 0x0000000086e00000, 0x0000000086e00000| Untracked 
| 111|0x0000000086f00000, 0x0000000086f00000, 0x0000000087000000|  0%| F|  |TAMS 0x0000000086f00000, 0x0000000086f00000| Untracked 
| 112|0x0000000087000000, 0x0000000087000000, 0x0000000087100000|  0%| F|  |TAMS 0x0000000087000000, 0x0000000087000000| Untracked 
| 113|0x0000000087100000, 0x0000000087100000, 0x0000000087200000|  0%| F|  |TAMS 0x0000000087100000, 0x0000000087100000| Untracked 
| 114|0x0000000087200000, 0x0000000087200000, 0x0000000087300000|  0%| F|  |TAMS 0x0000000087200000, 0x0000000087200000| Untracked 
| 115|0x0000000087300000, 0x0000000087300000, 0x0000000087400000|  0%| F|  |TAMS 0x0000000087300000, 0x0000000087300000| Untracked 
| 116|0x0000000087400000, 0x0000000087400000, 0x0000000087500000|  0%| F|  |TAMS 0x0000000087400000, 0x0000000087400000| Untracked 
| 117|0x0000000087500000, 0x0000000087500000, 0x0000000087600000|  0%| F|  |TAMS 0x0000000087500000, 0x0000000087500000| Untracked 
| 118|0x0000000087600000, 0x0000000087600000, 0x0000000087700000|  0%| F|  |TAMS 0x0000000087600000, 0x0000000087600000| Untracked 
| 119|0x0000000087700000, 0x0000000087700000, 0x0000000087800000|  0%| F|  |TAMS 0x0000000087700000, 0x0000000087700000| Untracked 
| 120|0x0000000087800000, 0x0000000087800000, 0x0000000087900000|  0%| F|  |TAMS 0x0000000087800000, 0x0000000087800000| Untracked 
| 121|0x0000000087900000, 0x0000000087900000, 0x0000000087a00000|  0%| F|  |TAMS 0x0000000087900000, 0x0000000087900000| Untracked 
| 122|0x0000000087a00000, 0x0000000087a00000, 0x0000000087b00000|  0%| F|  |TAMS 0x0000000087a00000, 0x0000000087a00000| Untracked 
| 123|0x0000000087b00000, 0x0000000087b00000, 0x0000000087c00000|  0%| F|  |TAMS 0x0000000087b00000, 0x0000000087b00000| Untracked 
| 124|0x0000000087c00000, 0x0000000087c00000, 0x0000000087d00000|  0%| F|  |TAMS 0x0000000087c00000, 0x0000000087c00000| Untracked 
| 125|0x0000000087d00000, 0x0000000087d00000, 0x0000000087e00000|  0%| F|  |TAMS 0x0000000087d00000, 0x0000000087d00000| Untracked 
| 126|0x0000000087e00000, 0x0000000087e00000, 0x0000000087f00000|  0%| F|  |TAMS 0x0000000087e00000, 0x0000000087e00000| Untracked 
| 127|0x0000000087f00000, 0x0000000087f00000, 0x0000000088000000|  0%| F|  |TAMS 0x0000000087f00000, 0x0000000087f00000| Untracked 
| 128|0x0000000088000000, 0x0000000088000000, 0x0000000088100000|  0%| F|  |TAMS 0x0000000088000000, 0x0000000088000000| Untracked 
| 129|0x0000000088100000, 0x0000000088100000, 0x0000000088200000|  0%| F|  |TAMS 0x0000000088100000, 0x0000000088100000| Untracked 
| 130|0x0000000088200000, 0x0000000088200000, 0x0000000088300000|  0%| F|  |TAMS 0x0000000088200000, 0x0000000088200000| Untracked 
| 131|0x0000000088300000, 0x0000000088300000, 0x0000000088400000|  0%| F|  |TAMS 0x0000000088300000, 0x0000000088300000| Untracked 
| 132|0x0000000088400000, 0x0000000088400000, 0x0000000088500000|  0%| F|  |TAMS 0x0000000088400000, 0x0000000088400000| Untracked 
| 133|0x0000000088500000, 0x0000000088500000, 0x0000000088600000|  0%| F|  |TAMS 0x0000000088500000, 0x0000000088500000| Untracked 
| 134|0x0000000088600000, 0x0000000088600000, 0x0000000088700000|  0%| F|  |TAMS 0x0000000088600000, 0x0000000088600000| Untracked 
| 135|0x0000000088700000, 0x0000000088700000, 0x0000000088800000|  0%| F|  |TAMS 0x0000000088700000, 0x0000000088700000| Untracked 
| 136|0x0000000088800000, 0x0000000088800000, 0x0000000088900000|  0%| F|  |TAMS 0x0000000088800000, 0x0000000088800000| Untracked 
| 137|0x0000000088900000, 0x0000000088900000, 0x0000000088a00000|  0%| F|  |TAMS 0x0000000088900000, 0x0000000088900000| Untracked 
| 138|0x0000000088a00000, 0x0000000088a00000, 0x0000000088b00000|  0%| F|  |TAMS 0x0000000088a00000, 0x0000000088a00000| Untracked 
| 139|0x0000000088b00000, 0x0000000088b00000, 0x0000000088c00000|  0%| F|  |TAMS 0x0000000088b00000, 0x0000000088b00000| Untracked 
| 140|0x0000000088c00000, 0x0000000088c00000, 0x0000000088d00000|  0%| F|  |TAMS 0x0000000088c00000, 0x0000000088c00000| Untracked 
| 141|0x0000000088d00000, 0x0000000088d00000, 0x0000000088e00000|  0%| F|  |TAMS 0x0000000088d00000, 0x0000000088d00000| Untracked 
| 142|0x0000000088e00000, 0x0000000088e00000, 0x0000000088f00000|  0%| F|  |TAMS 0x0000000088e00000, 0x0000000088e00000| Untracked 
| 143|0x0000000088f00000, 0x0000000088f00000, 0x0000000089000000|  0%| F|  |TAMS 0x0000000088f00000, 0x0000000088f00000| Untracked 
| 144|0x0000000089000000, 0x0000000089000000, 0x0000000089100000|  0%| F|  |TAMS 0x0000000089000000, 0x0000000089000000| Untracked 
| 145|0x0000000089100000, 0x0000000089100000, 0x0000000089200000|  0%| F|  |TAMS 0x0000000089100000, 0x0000000089100000| Untracked 
| 146|0x0000000089200000, 0x0000000089200000, 0x0000000089300000|  0%| F|  |TAMS 0x0000000089200000, 0x0000000089200000| Untracked 
| 147|0x0000000089300000, 0x0000000089300000, 0x0000000089400000|  0%| F|  |TAMS 0x0000000089300000, 0x0000000089300000| Untracked 
| 148|0x0000000089400000, 0x0000000089400000, 0x0000000089500000|  0%| F|  |TAMS 0x0000000089400000, 0x0000000089400000| Untracked 
| 149|0x0000000089500000, 0x0000000089500000, 0x0000000089600000|  0%| F|  |TAMS 0x0000000089500000, 0x0000000089500000| Untracked 
| 150|0x0000000089600000, 0x0000000089600000, 0x0000000089700000|  0%| F|  |TAMS 0x0000000089600000, 0x0000000089600000| Untracked 
| 151|0x0000000089700000, 0x0000000089700000, 0x0000000089800000|  0%| F|  |TAMS 0x0000000089700000, 0x0000000089700000| Untracked 
| 152|0x0000000089800000, 0x0000000089800000, 0x0000000089900000|  0%| F|  |TAMS 0x0000000089800000, 0x0000000089800000| Untracked 
| 153|0x0000000089900000, 0x0000000089900000, 0x0000000089a00000|  0%| F|  |TAMS 0x0000000089900000, 0x0000000089900000| Untracked 
| 154|0x0000000089a00000, 0x0000000089a00000, 0x0000000089b00000|  0%| F|  |TAMS 0x0000000089a00000, 0x0000000089a00000| Untracked 
| 155|0x0000000089b00000, 0x0000000089b00000, 0x0000000089c00000|  0%| F|  |TAMS 0x0000000089b00000, 0x0000000089b00000| Untracked 
| 156|0x0000000089c00000, 0x0000000089c00000, 0x0000000089d00000|  0%| F|  |TAMS 0x0000000089c00000, 0x0000000089c00000| Untracked 
| 157|0x0000000089d00000, 0x0000000089d00000, 0x0000000089e00000|  0%| F|  |TAMS 0x0000000089d00000, 0x0000000089d00000| Untracked 
| 158|0x0000000089e00000, 0x0000000089e00000, 0x0000000089f00000|  0%| F|  |TAMS 0x0000000089e00000, 0x0000000089e00000| Untracked 
| 159|0x0000000089f00000, 0x0000000089f00000, 0x000000008a000000|  0%| F|  |TAMS 0x0000000089f00000, 0x0000000089f00000| Untracked 
| 160|0x000000008a000000, 0x000000008a000000, 0x000000008a100000|  0%| F|  |TAMS 0x000000008a000000, 0x000000008a000000| Untracked 
| 161|0x000000008a100000, 0x000000008a100000, 0x000000008a200000|  0%| F|  |TAMS 0x000000008a100000, 0x000000008a100000| Untracked 
| 162|0x000000008a200000, 0x000000008a200000, 0x000000008a300000|  0%| F|  |TAMS 0x000000008a200000, 0x000000008a200000| Untracked 
| 163|0x000000008a300000, 0x000000008a300000, 0x000000008a400000|  0%| F|  |TAMS 0x000000008a300000, 0x000000008a300000| Untracked 
| 164|0x000000008a400000, 0x000000008a400000, 0x000000008a500000|  0%| F|  |TAMS 0x000000008a400000, 0x000000008a400000| Untracked 
| 165|0x000000008a500000, 0x000000008a500000, 0x000000008a600000|  0%| F|  |TAMS 0x000000008a500000, 0x000000008a500000| Untracked 
| 166|0x000000008a600000, 0x000000008a600000, 0x000000008a700000|  0%| F|  |TAMS 0x000000008a600000, 0x000000008a600000| Untracked 
| 167|0x000000008a700000, 0x000000008a700000, 0x000000008a800000|  0%| F|  |TAMS 0x000000008a700000, 0x000000008a700000| Untracked 
| 168|0x000000008a800000, 0x000000008a800000, 0x000000008a900000|  0%| F|  |TAMS 0x000000008a800000, 0x000000008a800000| Untracked 
| 169|0x000000008a900000, 0x000000008a900000, 0x000000008aa00000|  0%| F|  |TAMS 0x000000008a900000, 0x000000008a900000| Untracked 
| 170|0x000000008aa00000, 0x000000008aa00000, 0x000000008ab00000|  0%| F|  |TAMS 0x000000008aa00000, 0x000000008aa00000| Untracked 
| 171|0x000000008ab00000, 0x000000008ab00000, 0x000000008ac00000|  0%| F|  |TAMS 0x000000008ab00000, 0x000000008ab00000| Untracked 
| 172|0x000000008ac00000, 0x000000008ac00000, 0x000000008ad00000|  0%| F|  |TAMS 0x000000008ac00000, 0x000000008ac00000| Untracked 
| 173|0x000000008ad00000, 0x000000008ad00000, 0x000000008ae00000|  0%| F|  |TAMS 0x000000008ad00000, 0x000000008ad00000| Untracked 
| 174|0x000000008ae00000, 0x000000008ae00000, 0x000000008af00000|  0%| F|  |TAMS 0x000000008ae00000, 0x000000008ae00000| Untracked 
| 175|0x000000008af00000, 0x000000008af00000, 0x000000008b000000|  0%| F|  |TAMS 0x000000008af00000, 0x000000008af00000| Untracked 
| 176|0x000000008b000000, 0x000000008b000000, 0x000000008b100000|  0%| F|  |TAMS 0x000000008b000000, 0x000000008b000000| Untracked 
| 177|0x000000008b100000, 0x000000008b100000, 0x000000008b200000|  0%| F|  |TAMS 0x000000008b100000, 0x000000008b100000| Untracked 
| 178|0x000000008b200000, 0x000000008b200000, 0x000000008b300000|  0%| F|  |TAMS 0x000000008b200000, 0x000000008b200000| Untracked 
| 179|0x000000008b300000, 0x000000008b300000, 0x000000008b400000|  0%| F|  |TAMS 0x000000008b300000, 0x000000008b300000| Untracked 
| 180|0x000000008b400000, 0x000000008b400000, 0x000000008b500000|  0%| F|  |TAMS 0x000000008b400000, 0x000000008b400000| Untracked 
| 181|0x000000008b500000, 0x000000008b500000, 0x000000008b600000|  0%| F|  |TAMS 0x000000008b500000, 0x000000008b500000| Untracked 
| 182|0x000000008b600000, 0x000000008b600000, 0x000000008b700000|  0%| F|  |TAMS 0x000000008b600000, 0x000000008b600000| Untracked 
| 183|0x000000008b700000, 0x000000008b700000, 0x000000008b800000|  0%| F|  |TAMS 0x000000008b700000, 0x000000008b700000| Untracked 
| 184|0x000000008b800000, 0x000000008b800000, 0x000000008b900000|  0%| F|  |TAMS 0x000000008b800000, 0x000000008b800000| Untracked 
| 185|0x000000008b900000, 0x000000008b900000, 0x000000008ba00000|  0%| F|  |TAMS 0x000000008b900000, 0x000000008b900000| Untracked 
| 186|0x000000008ba00000, 0x000000008ba00000, 0x000000008bb00000|  0%| F|  |TAMS 0x000000008ba00000, 0x000000008ba00000| Untracked 
| 187|0x000000008bb00000, 0x000000008bbcb498, 0x000000008bc00000| 79%| S|CS|TAMS 0x000000008bb00000, 0x000000008bb00000| Complete 
| 188|0x000000008bc00000, 0x000000008bd00000, 0x000000008bd00000|100%| S|CS|TAMS 0x000000008bc00000, 0x000000008bc00000| Complete 
| 189|0x000000008bd00000, 0x000000008be00000, 0x000000008be00000|100%| S|CS|TAMS 0x000000008bd00000, 0x000000008bd00000| Complete 
| 190|0x000000008be00000, 0x000000008be00000, 0x000000008bf00000|  0%| F|  |TAMS 0x000000008be00000, 0x000000008be00000| Untracked 
| 191|0x000000008bf00000, 0x000000008bf00000, 0x000000008c000000|  0%| F|  |TAMS 0x000000008bf00000, 0x000000008bf00000| Untracked 
| 192|0x000000008c000000, 0x000000008c000000, 0x000000008c100000|  0%| F|  |TAMS 0x000000008c000000, 0x000000008c000000| Untracked 
| 193|0x000000008c100000, 0x000000008c100000, 0x000000008c200000|  0%| F|  |TAMS 0x000000008c100000, 0x000000008c100000| Untracked 
| 194|0x000000008c200000, 0x000000008c200000, 0x000000008c300000|  0%| F|  |TAMS 0x000000008c200000, 0x000000008c200000| Untracked 
| 195|0x000000008c300000, 0x000000008c300000, 0x000000008c400000|  0%| F|  |TAMS 0x000000008c300000, 0x000000008c300000| Untracked 
| 196|0x000000008c400000, 0x000000008c400000, 0x000000008c500000|  0%| F|  |TAMS 0x000000008c400000, 0x000000008c400000| Untracked 
| 197|0x000000008c500000, 0x000000008c500000, 0x000000008c600000|  0%| F|  |TAMS 0x000000008c500000, 0x000000008c500000| Untracked 
| 198|0x000000008c600000, 0x000000008c600000, 0x000000008c700000|  0%| F|  |TAMS 0x000000008c600000, 0x000000008c600000| Untracked 
| 199|0x000000008c700000, 0x000000008c700000, 0x000000008c800000|  0%| F|  |TAMS 0x000000008c700000, 0x000000008c700000| Untracked 
| 200|0x000000008c800000, 0x000000008c800000, 0x000000008c900000|  0%| F|  |TAMS 0x000000008c800000, 0x000000008c800000| Untracked 
| 201|0x000000008c900000, 0x000000008c900000, 0x000000008ca00000|  0%| F|  |TAMS 0x000000008c900000, 0x000000008c900000| Untracked 
| 202|0x000000008ca00000, 0x000000008ca00000, 0x000000008cb00000|  0%| F|  |TAMS 0x000000008ca00000, 0x000000008ca00000| Untracked 
| 203|0x000000008cb00000, 0x000000008cb00000, 0x000000008cc00000|  0%| F|  |TAMS 0x000000008cb00000, 0x000000008cb00000| Untracked 
| 204|0x000000008cc00000, 0x000000008cc00000, 0x000000008cd00000|  0%| F|  |TAMS 0x000000008cc00000, 0x000000008cc00000| Untracked 
| 205|0x000000008cd00000, 0x000000008cd00000, 0x000000008ce00000|  0%| F|  |TAMS 0x000000008cd00000, 0x000000008cd00000| Untracked 
| 206|0x000000008ce00000, 0x000000008ce00000, 0x000000008cf00000|  0%| F|  |TAMS 0x000000008ce00000, 0x000000008ce00000| Untracked 
| 207|0x000000008cf00000, 0x000000008cf00000, 0x000000008d000000|  0%| F|  |TAMS 0x000000008cf00000, 0x000000008cf00000| Untracked 
| 208|0x000000008d000000, 0x000000008d000000, 0x000000008d100000|  0%| F|  |TAMS 0x000000008d000000, 0x000000008d000000| Untracked 
| 209|0x000000008d100000, 0x000000008d100000, 0x000000008d200000|  0%| F|  |TAMS 0x000000008d100000, 0x000000008d100000| Untracked 
| 210|0x000000008d200000, 0x000000008d200000, 0x000000008d300000|  0%| F|  |TAMS 0x000000008d200000, 0x000000008d200000| Untracked 
| 211|0x000000008d300000, 0x000000008d300000, 0x000000008d400000|  0%| F|  |TAMS 0x000000008d300000, 0x000000008d300000| Untracked 
| 212|0x000000008d400000, 0x000000008d400000, 0x000000008d500000|  0%| F|  |TAMS 0x000000008d400000, 0x000000008d400000| Untracked 
| 213|0x000000008d500000, 0x000000008d500000, 0x000000008d600000|  0%| F|  |TAMS 0x000000008d500000, 0x000000008d500000| Untracked 
| 214|0x000000008d600000, 0x000000008d600000, 0x000000008d700000|  0%| F|  |TAMS 0x000000008d600000, 0x000000008d600000| Untracked 
| 215|0x000000008d700000, 0x000000008d700000, 0x000000008d800000|  0%| F|  |TAMS 0x000000008d700000, 0x000000008d700000| Untracked 
| 216|0x000000008d800000, 0x000000008d800000, 0x000000008d900000|  0%| F|  |TAMS 0x000000008d800000, 0x000000008d800000| Untracked 
| 217|0x000000008d900000, 0x000000008d900000, 0x000000008da00000|  0%| F|  |TAMS 0x000000008d900000, 0x000000008d900000| Untracked 
| 218|0x000000008da00000, 0x000000008da00000, 0x000000008db00000|  0%| F|  |TAMS 0x000000008da00000, 0x000000008da00000| Untracked 
| 219|0x000000008db00000, 0x000000008db83c10, 0x000000008dc00000| 51%| E|  |TAMS 0x000000008db00000, 0x000000008db00000| Complete 
| 220|0x000000008dc00000, 0x000000008dd00000, 0x000000008dd00000|100%| E|CS|TAMS 0x000000008dc00000, 0x000000008dc00000| Complete 
| 221|0x000000008dd00000, 0x000000008de00000, 0x000000008de00000|100%| E|CS|TAMS 0x000000008dd00000, 0x000000008dd00000| Complete 
| 222|0x000000008de00000, 0x000000008df00000, 0x000000008df00000|100%| E|CS|TAMS 0x000000008de00000, 0x000000008de00000| Complete 
| 223|0x000000008df00000, 0x000000008e000000, 0x000000008e000000|100%| E|CS|TAMS 0x000000008df00000, 0x000000008df00000| Complete 
| 224|0x000000008e000000, 0x000000008e100000, 0x000000008e100000|100%| E|CS|TAMS 0x000000008e000000, 0x000000008e000000| Complete 
| 225|0x000000008e100000, 0x000000008e200000, 0x000000008e200000|100%| E|CS|TAMS 0x000000008e100000, 0x000000008e100000| Complete 
| 226|0x000000008e200000, 0x000000008e300000, 0x000000008e300000|100%| E|CS|TAMS 0x000000008e200000, 0x000000008e200000| Complete 
| 227|0x000000008e300000, 0x000000008e400000, 0x000000008e400000|100%| E|CS|TAMS 0x000000008e300000, 0x000000008e300000| Complete 
| 228|0x000000008e400000, 0x000000008e500000, 0x000000008e500000|100%| E|CS|TAMS 0x000000008e400000, 0x000000008e400000| Complete 
| 229|0x000000008e500000, 0x000000008e600000, 0x000000008e600000|100%| E|CS|TAMS 0x000000008e500000, 0x000000008e500000| Complete 
| 230|0x000000008e600000, 0x000000008e700000, 0x000000008e700000|100%| E|CS|TAMS 0x000000008e600000, 0x000000008e600000| Complete 
| 231|0x000000008e700000, 0x000000008e800000, 0x000000008e800000|100%| E|CS|TAMS 0x000000008e700000, 0x000000008e700000| Complete 
| 232|0x000000008e800000, 0x000000008e900000, 0x000000008e900000|100%| E|CS|TAMS 0x000000008e800000, 0x000000008e800000| Complete 
| 233|0x000000008e900000, 0x000000008ea00000, 0x000000008ea00000|100%| E|CS|TAMS 0x000000008e900000, 0x000000008e900000| Complete 
| 234|0x000000008ea00000, 0x000000008eb00000, 0x000000008eb00000|100%| E|CS|TAMS 0x000000008ea00000, 0x000000008ea00000| Complete 
| 235|0x000000008eb00000, 0x000000008ec00000, 0x000000008ec00000|100%| E|CS|TAMS 0x000000008eb00000, 0x000000008eb00000| Complete 
| 236|0x000000008ec00000, 0x000000008ed00000, 0x000000008ed00000|100%| E|CS|TAMS 0x000000008ec00000, 0x000000008ec00000| Complete 
| 237|0x000000008ed00000, 0x000000008ee00000, 0x000000008ee00000|100%| E|CS|TAMS 0x000000008ed00000, 0x000000008ed00000| Complete 
| 238|0x000000008ee00000, 0x000000008ef00000, 0x000000008ef00000|100%| E|CS|TAMS 0x000000008ee00000, 0x000000008ee00000| Complete 
| 239|0x000000008ef00000, 0x000000008f000000, 0x000000008f000000|100%| E|CS|TAMS 0x000000008ef00000, 0x000000008ef00000| Complete 
| 240|0x000000008f000000, 0x000000008f100000, 0x000000008f100000|100%| E|CS|TAMS 0x000000008f000000, 0x000000008f000000| Complete 
| 241|0x000000008f100000, 0x000000008f200000, 0x000000008f200000|100%| E|CS|TAMS 0x000000008f100000, 0x000000008f100000| Complete 
| 242|0x000000008f200000, 0x000000008f300000, 0x000000008f300000|100%| E|CS|TAMS 0x000000008f200000, 0x000000008f200000| Complete 
| 243|0x000000008f300000, 0x000000008f400000, 0x000000008f400000|100%| E|CS|TAMS 0x000000008f300000, 0x000000008f300000| Complete 
| 244|0x000000008f400000, 0x000000008f500000, 0x000000008f500000|100%| E|CS|TAMS 0x000000008f400000, 0x000000008f400000| Complete 
| 245|0x000000008f500000, 0x000000008f600000, 0x000000008f600000|100%| E|CS|TAMS 0x000000008f500000, 0x000000008f500000| Complete 
| 246|0x000000008f600000, 0x000000008f700000, 0x000000008f700000|100%| E|CS|TAMS 0x000000008f600000, 0x000000008f600000| Complete 
| 247|0x000000008f700000, 0x000000008f800000, 0x000000008f800000|100%| E|CS|TAMS 0x000000008f700000, 0x000000008f700000| Complete 
| 248|0x000000008f800000, 0x000000008f900000, 0x000000008f900000|100%| E|CS|TAMS 0x000000008f800000, 0x000000008f800000| Complete 
| 249|0x000000008f900000, 0x000000008fa00000, 0x000000008fa00000|100%| E|CS|TAMS 0x000000008f900000, 0x000000008f900000| Complete 
| 250|0x000000008fa00000, 0x000000008fb00000, 0x000000008fb00000|100%| E|CS|TAMS 0x000000008fa00000, 0x000000008fa00000| Complete 
| 251|0x000000008fb00000, 0x000000008fc00000, 0x000000008fc00000|100%| E|CS|TAMS 0x000000008fb00000, 0x000000008fb00000| Complete 
| 252|0x000000008fc00000, 0x000000008fd00000, 0x000000008fd00000|100%| E|CS|TAMS 0x000000008fc00000, 0x000000008fc00000| Complete 
| 253|0x000000008fd00000, 0x000000008fe00000, 0x000000008fe00000|100%| E|CS|TAMS 0x000000008fd00000, 0x000000008fd00000| Complete 
| 254|0x000000008fe00000, 0x000000008ff00000, 0x000000008ff00000|100%| E|CS|TAMS 0x000000008fe00000, 0x000000008fe00000| Complete 
| 255|0x000000008ff00000, 0x0000000090000000, 0x0000000090000000|100%| E|CS|TAMS 0x000000008ff00000, 0x000000008ff00000| Complete 

Card table byte_map: [0x000002637efb0000,0x000002637f3b0000] _byte_map_base: 0x000002637ebb0000

Marking Bits (Prev, Next): (CMBitMap*) 0x000002636b696090, (CMBitMap*) 0x000002636b696058
 Prev Bits: [0x0000026302000000, 0x0000026304000000)
 Next Bits: [0x0000026300000000, 0x0000026302000000)

Polling page: 0x0000026369d50000

Metaspace:

Usage:
  Non-class:     28.31 MB capacity,    27.87 MB ( 98%) used,   382.82 KB (  1%) free+waste,    68.25 KB ( <1%) overhead. 
      Class:      4.44 MB capacity,     4.16 MB ( 94%) used,   254.38 KB (  6%) free+waste,    33.81 KB ( <1%) overhead. 
       Both:     32.74 MB capacity,    32.02 MB ( 98%) used,   637.20 KB (  2%) free+waste,   102.06 KB ( <1%) overhead. 

Virtual space:
  Non-class space:       30.00 MB reserved,      28.50 MB ( 95%) committed 
      Class space:        1.00 GB reserved,       4.50 MB ( <1%) committed 
             Both:        1.03 GB reserved,      33.00 MB (  3%) committed 

Chunk freelists:
   Non-Class:  6.00 KB
       Class:  0 bytes
        Both:  6.00 KB

MaxMetaspaceSize: 17179869184.00 GB
CompressedClassSpaceSize: 1.00 GB

CodeHeap 'non-profiled nmethods': size=120000Kb used=1424Kb max_used=1424Kb free=118575Kb
 bounds [0x0000026376c20000, 0x0000026376e90000, 0x000002637e150000]
CodeHeap 'profiled nmethods': size=120000Kb used=5668Kb max_used=5668Kb free=114331Kb
 bounds [0x000002636f6f0000, 0x000002636fc80000, 0x0000026376c20000]
CodeHeap 'non-nmethods': size=5760Kb used=1168Kb max_used=1234Kb free=4591Kb
 bounds [0x000002636f150000, 0x000002636f3c0000, 0x000002636f6f0000]
 total_blobs=3225 nmethods=2713 adapters=423
 compilation: enabled
              stopped_count=0, restarted_count=0
 full_count=0

Compilation events (20 events):
Event: 2.418 Thread 0x0000026306ba0000 2696       1       org.codehaus.groovy.runtime.metaclass.NewInstanceMetaMethod::isStatic (2 bytes)
Event: 2.418 Thread 0x0000026306ba0000 nmethod 2696 0x0000026376d82210 code [0x0000026376d823c0, 0x0000026376d82478]
Event: 2.418 Thread 0x0000026306ba0000 2697       1       org.codehaus.groovy.runtime.metaclass.MetaClassRegistryImpl::access$300 (5 bytes)
Event: 2.418 Thread 0x0000026306ba0000 nmethod 2697 0x0000026376d82510 code [0x0000026376d826c0, 0x0000026376d82758]
Event: 2.419 Thread 0x0000026306b99000 nmethod 2685 0x0000026376d82810 code [0x0000026376d829a0, 0x0000026376d82b38]
Event: 2.419 Thread 0x0000026306b99000 2679       4       java.util.Arrays::hashCode (56 bytes)
Event: 2.419 Thread 0x0000026306ba0000 2698       3       jdk.internal.misc.Unsafe::pickPos (14 bytes)
Event: 2.420 Thread 0x0000026306ba0000 nmethod 2698 0x000002636fc69710 code [0x000002636fc698c0, 0x000002636fc699b8]
Event: 2.420 Thread 0x0000026306ba0000 2699       3       org.codehaus.groovy.reflection.CachedClass$3$$Lambda$230/0x00000001003f1040::test (8 bytes)
Event: 2.420 Thread 0x0000026306ba0000 nmethod 2699 0x000002636fc69a90 code [0x000002636fc69c60, 0x000002636fc69f68]
Event: 2.420 Thread 0x0000026306ba0000 2700       3       org.codehaus.groovy.reflection.CachedClass$3::lambda$initValue$1 (7 bytes)
Event: 2.420 Thread 0x0000026306ba0000 nmethod 2700 0x000002636fc6a090 code [0x000002636fc6a260, 0x000002636fc6a408]
Event: 2.420 Thread 0x0000026306ba0000 2701       3       org.codehaus.groovy.reflection.ReflectionUtils::checkCanSetAccessible (11 bytes)
Event: 2.420 Thread 0x0000026306ba0000 nmethod 2701 0x000002636fc6a510 code [0x000002636fc6a6c0, 0x000002636fc6a7e8]
Event: 2.420 Thread 0x0000026306ba0000 2702       3       org.codehaus.groovy.vmplugin.v9.Java9::checkCanSetAccessible (137 bytes)
Event: 2.421 Thread 0x0000026306ba0000 nmethod 2702 0x000002636fc6a890 code [0x000002636fc6abc0, 0x000002636fc6bdf8]
Event: 2.421 Thread 0x0000026306ba0000 2706       3       java.util.Properties$LineReader::readLine (635 bytes)
Event: 2.421 Thread 0x0000026306b99000 nmethod 2679 0x0000026376d82c10 code [0x0000026376d82da0, 0x0000026376d82ef8]
Event: 2.421 Thread 0x0000026306b99000 2690       4       java.lang.reflect.Method::getParameterTypes (11 bytes)
Event: 2.422 Thread 0x0000026306b99000 nmethod 2690 0x0000026376d83010 code [0x0000026376d831a0, 0x0000026376d832d8]

GC Heap History (6 events):
Event: 0.477 GC heap before
{Heap before GC invocations=0 (full 0):
 garbage-first heap   total 262144K, used 29696K [0x0000000080000000, 0x0000000100000000)
  region size 1024K, 24 young (24576K), 0 survivors (0K)
 Metaspace       used 10223K, capacity 10493K, committed 10624K, reserved 1058816K
  class space    used 1064K, capacity 1139K, committed 1152K, reserved 1048576K
}
Event: 0.480 GC heap after
{Heap after GC invocations=1 (full 0):
 garbage-first heap   total 262144K, used 9261K [0x0000000080000000, 0x0000000100000000)
  region size 1024K, 3 young (3072K), 3 survivors (3072K)
 Metaspace       used 10223K, capacity 10493K, committed 10624K, reserved 1058816K
  class space    used 1064K, capacity 1139K, committed 1152K, reserved 1048576K
}
Event: 1.514 GC heap before
{Heap before GC invocations=1 (full 0):
 garbage-first heap   total 262144K, used 105517K [0x0000000080000000, 0x0000000100000000)
  region size 1024K, 97 young (99328K), 3 survivors (3072K)
 Metaspace       used 20534K, capacity 21096K, committed 21248K, reserved 1067008K
  class space    used 2502K, capacity 2690K, committed 2816K, reserved 1048576K
}
Event: 1.520 GC heap after
{Heap after GC invocations=2 (full 0):
 garbage-first heap   total 262144K, used 16424K [0x0000000080000000, 0x0000000100000000)
  region size 1024K, 10 young (10240K), 10 survivors (10240K)
 Metaspace       used 20534K, capacity 21096K, committed 21248K, reserved 1067008K
  class space    used 2502K, capacity 2690K, committed 2816K, reserved 1048576K
}
Event: 2.022 GC heap before
{Heap before GC invocations=3 (full 0):
 garbage-first heap   total 262144K, used 82984K [0x0000000080000000, 0x0000000100000000)
  region size 1024K, 76 young (77824K), 10 survivors (10240K)
 Metaspace       used 26858K, capacity 27583K, committed 27648K, reserved 1073152K
  class space    used 3546K, capacity 3795K, committed 3840K, reserved 1048576K
}
Event: 2.027 GC heap after
{Heap after GC invocations=4 (full 0):
 garbage-first heap   total 262144K, used 18951K [0x0000000080000000, 0x0000000100000000)
  region size 1024K, 3 young (3072K), 3 survivors (3072K)
 Metaspace       used 26858K, capacity 27583K, committed 27648K, reserved 1073152K
  class space    used 3546K, capacity 3795K, committed 3840K, reserved 1048576K
}

Deoptimization events (20 events):
Event: 1.861 Thread 0x0000026309078800 Uncommon trap: trap_request=0xffffffde fr.pc=0x0000026376d0c628 relative=0x00000000000002e8
Event: 1.861 Thread 0x0000026309078800 Uncommon trap: reason=class_check action=maybe_recompile pc=0x0000026376d0c628 method=java.util.Collections$SetFromMap.remove(Ljava/lang/Object;)Z @ 5 c2
Event: 1.861 Thread 0x0000026309078800 DEOPT PACKING pc=0x0000026376d0c628 sp=0x00000079e82fc6c0
Event: 1.861 Thread 0x0000026309078800 DEOPT UNPACKING pc=0x000002636f17662f sp=0x00000079e82fc6b8 mode 2
Event: 1.861 Thread 0x0000026309078800 Uncommon trap: trap_request=0xffffffde fr.pc=0x0000026376d0c628 relative=0x00000000000002e8
Event: 1.861 Thread 0x0000026309078800 Uncommon trap: reason=class_check action=maybe_recompile pc=0x0000026376d0c628 method=java.util.Collections$SetFromMap.remove(Ljava/lang/Object;)Z @ 5 c2
Event: 1.861 Thread 0x0000026309078800 DEOPT PACKING pc=0x0000026376d0c628 sp=0x00000079e82fc640
Event: 1.861 Thread 0x0000026309078800 DEOPT UNPACKING pc=0x000002636f17662f sp=0x00000079e82fc638 mode 2
Event: 2.050 Thread 0x0000026309078800 Uncommon trap: trap_request=0xffffff4d fr.pc=0x0000026376d2c44c relative=0x000000000000020c
Event: 2.050 Thread 0x0000026309078800 Uncommon trap: reason=unstable_if action=reinterpret pc=0x0000026376d2c44c method=java.util.HashMap.hash(Ljava/lang/Object;)I @ 1 c2
Event: 2.050 Thread 0x0000026309078800 DEOPT PACKING pc=0x0000026376d2c44c sp=0x00000079e82f9450
Event: 2.050 Thread 0x0000026309078800 DEOPT UNPACKING pc=0x000002636f17662f sp=0x00000079e82f9388 mode 2
Event: 2.256 Thread 0x0000026309078800 Uncommon trap: trap_request=0xffffff4d fr.pc=0x0000026376d61cd8 relative=0x0000000000000278
Event: 2.256 Thread 0x0000026309078800 Uncommon trap: reason=unstable_if action=reinterpret pc=0x0000026376d61cd8 method=java.util.HashMap.putVal(ILjava/lang/Object;Ljava/lang/Object;ZZ)Ljava/lang/Object; @ 162 c2
Event: 2.256 Thread 0x0000026309078800 DEOPT PACKING pc=0x0000026376d61cd8 sp=0x00000079e82fae50
Event: 2.256 Thread 0x0000026309078800 DEOPT UNPACKING pc=0x000002636f17662f sp=0x00000079e82fadd0 mode 2
Event: 2.419 Thread 0x0000026309078800 Uncommon trap: trap_request=0xffffff4d fr.pc=0x0000026376d22f70 relative=0x0000000000005130
Event: 2.419 Thread 0x0000026309078800 Uncommon trap: reason=unstable_if action=reinterpret pc=0x0000026376d22f70 method=jdk.internal.loader.BuiltinClassLoader.loadClassOrNull(Ljava/lang/String;Z)Ljava/lang/Class; @ 42 c2
Event: 2.419 Thread 0x0000026309078800 DEOPT PACKING pc=0x0000026376d22f70 sp=0x00000079e82f59e0
Event: 2.419 Thread 0x0000026309078800 DEOPT UNPACKING pc=0x000002636f17662f sp=0x00000079e82f5870 mode 2

Classes redefined (0 events):
No events

Internal exceptions (20 events):
Event: 1.689 Thread 0x0000026309078800 Exception <a 'java/lang/NoSuchMethodError'{0x000000008e7fb278}: 'void java.lang.invoke.DirectMethodHandle$Holder.invokeSpecial(java.lang.Object, java.lang.Object, java.lang.Object, java.lang.Object, java.lang.Object, java.lang.Object)'> (0x000000008e7fb278) thrown at [./src/hotspot/share/interpreter/linkResolver.cpp, line 773]
Event: 1.697 Thread 0x0000026309078800 Exception <a 'java/lang/NoSuchMethodError'{0x000000008e660de0}: 'void java.lang.invoke.DirectMethodHandle$Holder.invokeSpecial(java.lang.Object, java.lang.Object, java.lang.Object, java.lang.Object, java.lang.Object, java.lang.Object, java.lang.Object)'> (0x000000008e660de0) thrown at [./src/hotspot/share/interpreter/linkResolver.cpp, line 773]
Event: 1.697 Thread 0x0000026309078800 Exception <a 'java/lang/NoSuchMethodError'{0x000000008e669028}: 'java.lang.Object java.lang.invoke.Invokers$Holder.linkToTargetMethod(java.lang.Object, java.lang.Object, java.lang.Object, java.lang.Object, java.lang.Object, java.lang.Object)'> (0x000000008e669028) thrown at [./src/hotspot/share/interpreter/linkResolver.cpp, line 773]
Event: 1.791 Thread 0x0000026309078800 Exception <a 'java/lang/NoSuchMethodError'{0x000000008d820488}: 'void java.lang.invoke.DirectMethodHandle$Holder.invokeStaticInit(java.lang.Object, java.lang.Object)'> (0x000000008d820488) thrown at [./src/hotspot/share/interpreter/linkResolver.cpp, line 773]
Event: 1.855 Thread 0x0000026309078800 Exception <a 'java/lang/NoSuchMethodError'{0x000000008d25d450}: 'void java.lang.invoke.DirectMethodHandle$Holder.invokeStatic(java.lang.Object, java.lang.Object, java.lang.Object, java.lang.Object)'> (0x000000008d25d450) thrown at [./src/hotspot/share/interpreter/linkResolver.cpp, line 773]
Event: 1.857 Thread 0x0000026309078800 Exception <a 'java/lang/NoSuchMethodError'{0x000000008d270eb0}: 'int java.lang.invoke.DirectMethodHandle$Holder.invokeInterface(java.lang.Object, java.lang.Object)'> (0x000000008d270eb0) thrown at [./src/hotspot/share/interpreter/linkResolver.cpp, line 773]
Event: 1.950 Thread 0x0000026309078800 Exception <a 'java/lang/NoSuchMethodError'{0x000000008c60d680}: 'java.lang.Object java.lang.invoke.DirectMethodHandle$Holder.invokeSpecialIFC(java.lang.Object, java.lang.Object, java.lang.Object, java.lang.Object)'> (0x000000008c60d680) thrown at [./src/hotspot/share/interpreter/linkResolver.cpp, line 773]
Event: 1.956 Thread 0x0000026309078800 Exception <a 'java/lang/NoSuchMethodError'{0x000000008c6f1a28}: 'java.lang.Object java.lang.invoke.DirectMethodHandle$Holder.invokeSpecial(java.lang.Object, java.lang.Object, java.lang.Object, java.lang.Object, java.lang.Object, java.lang.Object, java.lang.Object, java.lang.Object, java.lang.Object, java.lang.Object, java.lang.Object, java.lang.Object, java.lang.Object)'> (0x000000008c6f1a28) thrown at [./src/hotspot/share/interpreter/linkResolver.cpp, line 773]
Event: 1.957 Thread 0x0000026309078800 Exception <a 'java/lang/NoSuchMethodError'{0x000000008c503188}: 'java.lang.Object java.lang.invoke.DirectMethodHandle$Holder.invokeSpecial(java.lang.Object, java.lang.Object, java.lang.Object, java.lang.Object, java.lang.Object, java.lang.Object, java.lang.Object, java.lang.Object, java.lang.Object, java.lang.Object, java.lang.Object, java.lang.Object)'> (0x000000008c503188) thrown at [./src/hotspot/share/interpreter/linkResolver.cpp, line 773]
Event: 1.958 Thread 0x0000026309078800 Exception <a 'java/lang/NoSuchMethodError'{0x000000008c5082b0}: 'java.lang.Object java.lang.invoke.Invokers$Holder.linkToTargetMethod(java.lang.Object, java.lang.Object, java.lang.Object, java.lang.Object, java.lang.Object, java.lang.Object, java.lang.Object, java.lang.Object, java.lang.Object, java.lang.Object, java.lang.Object)'> (0x000000008c5082b0) thrown at [./src/hotspot/share/interpreter/linkResolver.cpp, line 773]
Event: 1.966 Thread 0x0000026309078800 Exception <a 'java/lang/NoSuchMethodError'{0x000000008c4532c8}: 'java.lang.Object java.lang.invoke.DirectMethodHandle$Holder.invokeSpecial(java.lang.Object, java.lang.Object, java.lang.Object, java.lang.Object, java.lang.Object, java.lang.Object, java.lang.Object, java.lang.Object, java.lang.Object, java.lang.Object, java.lang.Object, java.lang.Object, java.lang.Object, java.lang.Object)'> (0x000000008c4532c8) thrown at [./src/hotspot/share/interpreter/linkResolver.cpp, line 773]
Event: 1.966 Thread 0x0000026309078800 Exception <a 'java/lang/NoSuchMethodError'{0x000000008c4648c0}: 'java.lang.Object java.lang.invoke.Invokers$Holder.linkToTargetMethod(java.lang.Object, java.lang.Object, java.lang.Object, java.lang.Object, java.lang.Object, java.lang.Object, java.lang.Object, java.lang.Object, java.lang.Object, java.lang.Object, java.lang.Object, java.lang.Object)'> (0x000000008c4648c0) thrown at [./src/hotspot/share/interpreter/linkResolver.cpp, line 773]
Event: 1.971 Thread 0x0000026309078800 Exception <a 'java/lang/NoSuchMethodError'{0x000000008c4f9430}: 'java.lang.Object java.lang.invoke.DirectMethodHandle$Holder.invokeStaticInit(java.lang.Object, java.lang.Object, java.lang.Object, java.lang.Object)'> (0x000000008c4f9430) thrown at [./src/hotspot/share/interpreter/linkResolver.cpp, line 773]
Event: 2.050 Thread 0x0000026309078800 Implicit null exception at 0x0000026376d2c275 to 0x0000026376d2c43c
Event: 2.329 Thread 0x0000026309078800 Exception <a 'java/lang/NoSuchMethodError'{0x000000008e186770}: 'void java.lang.invoke.DirectMethodHandle$Holder.invokeStaticInit(java.lang.Object, java.lang.Object, java.lang.Object)'> (0x000000008e186770) thrown at [./src/hotspot/share/interpreter/linkResolver.cpp, line 773]
Event: 2.330 Thread 0x0000026309078800 Exception <a 'java/lang/NoSuchMethodError'{0x000000008e18d548}: 'void java.lang.invoke.DirectMethodHandle$Holder.invokeStaticInit(java.lang.Object, java.lang.Object, java.lang.Object, java.lang.Object)'> (0x000000008e18d548) thrown at [./src/hotspot/share/interpreter/linkResolver.cpp, line 773]
Event: 2.332 Thread 0x0000026309078800 Exception <a 'java/lang/NoSuchMethodError'{0x000000008e1afba0}: 'void java.lang.invoke.DirectMethodHandle$Holder.invokeStaticInit(java.lang.Object, java.lang.Object, java.lang.Object, java.lang.Object, java.lang.Object)'> (0x000000008e1afba0) thrown at [./src/hotspot/share/interpreter/linkResolver.cpp, line 773]
Event: 2.332 Thread 0x0000026309078800 Exception <a 'java/lang/NoSuchMethodError'{0x000000008e1b72b0}: 'int java.lang.invoke.DirectMethodHandle$Holder.invokeStaticInit(java.lang.Object, java.lang.Object, java.lang.Object)'> (0x000000008e1b72b0) thrown at [./src/hotspot/share/interpreter/linkResolver.cpp, line 773]
Event: 2.356 Thread 0x0000026309078800 Exception <a 'java/lang/NoSuchMethodError'{0x000000008e016150}: 'int java.lang.invoke.DirectMethodHandle$Holder.invokeStaticInit(java.lang.Object, java.lang.Object, java.lang.Object, java.lang.Object)'> (0x000000008e016150) thrown at [./src/hotspot/share/interpreter/linkResolver.cpp, line 773]
Event: 2.356 Thread 0x0000026309078800 Exception <a 'java/lang/IncompatibleClassChangeError'{0x000000008e01f6b0}: Found class java.lang.Object, but interface was expected> (0x000000008e01f6b0) thrown at [./src/hotspot/share/interpreter/linkResolver.cpp, line 839]

Events (20 events):
Event: 2.415 loading class org/codehaus/groovy/runtime/metaclass/MethodHelper
Event: 2.415 loading class org/codehaus/groovy/runtime/metaclass/MethodHelper done
Event: 2.416 loading class org/codehaus/groovy/reflection/CachedClass
Event: 2.416 loading class org/codehaus/groovy/reflection/CachedClass done
Event: 2.416 loading class org/codehaus/groovy/reflection/CachedClass
Event: 2.416 loading class org/codehaus/groovy/reflection/CachedClass done
Event: 2.417 Executing VM operation: RevokeBias
Event: 2.417 Executing VM operation: RevokeBias done
Event: 2.418 loading class org/apache/groovy/dateutil/extensions/DateUtilExtensions
Event: 2.418 loading class org/apache/groovy/dateutil/extensions/DateUtilExtensions done
Event: 2.418 loading class org/apache/groovy/dateutil/extensions/DateUtilStaticExtensions
Event: 2.418 loading class org/apache/groovy/dateutil/extensions/DateUtilStaticExtensions done
Event: 2.419 Executing VM operation: RevokeBias
Event: 2.419 Executing VM operation: RevokeBias done
Event: 2.419 Executing VM operation: RevokeBias
Event: 2.419 Executing VM operation: RevokeBias done
Event: 2.421 Executing VM operation: RevokeBias
Event: 2.421 Executing VM operation: RevokeBias done
Event: 2.421 loading class org/apache/groovy/nio/extensions/NioExtensions
Event: 2.421 loading class org/apache/groovy/nio/extensions/NioExtensions done


Dynamic libraries:
0x00007ff750f40000 - 0x00007ff750f4a000 	C:\Program Files\JetBrains\apps\AndroidStudio\ch-0\211.7628.21.2111.8193401\jre\bin\java.exe
0x00007fffbcd30000 - 0x00007fffbcf25000 	C:\Windows\SYSTEM32\ntdll.dll
0x00007fffbb4c0000 - 0x00007fffbb57e000 	C:\Windows\System32\KERNEL32.DLL
0x00007fffba4c0000 - 0x00007fffba788000 	C:\Windows\System32\KERNELBASE.dll
0x00007fffba980000 - 0x00007fffbaa80000 	C:\Windows\System32\ucrtbase.dll
0x00007fff9c0a0000 - 0x00007fff9c0b7000 	C:\Program Files\JetBrains\apps\AndroidStudio\ch-0\211.7628.21.2111.8193401\jre\bin\VCRUNTIME140.dll
0x00007fff97880000 - 0x00007fff97899000 	C:\Program Files\JetBrains\apps\AndroidStudio\ch-0\211.7628.21.2111.8193401\jre\bin\jli.dll
0x00007fffbb6b0000 - 0x00007fffbb850000 	C:\Windows\System32\USER32.dll
0x00007fffba8a0000 - 0x00007fffba8c2000 	C:\Windows\System32\win32u.dll
0x00007fffac250000 - 0x00007fffac4ea000 	C:\Windows\WinSxS\amd64_microsoft.windows.common-controls_6595b64144ccf1df_6.0.19041.1110_none_60b5254171f9507e\COMCTL32.dll
0x00007fffbcb90000 - 0x00007fffbcbba000 	C:\Windows\System32\GDI32.dll
0x00007fffbc9c0000 - 0x00007fffbca5e000 	C:\Windows\System32\msvcrt.dll
0x00007fffba790000 - 0x00007fffba89b000 	C:\Windows\System32\gdi32full.dll
0x00007fffbabe0000 - 0x00007fffbac7d000 	C:\Windows\System32\msvcp_win.dll
0x00007fffbc1d0000 - 0x00007fffbc200000 	C:\Windows\System32\IMM32.DLL
0x00007fff7dca0000 - 0x00007fff7dd3d000 	C:\Program Files\JetBrains\apps\AndroidStudio\ch-0\211.7628.21.2111.8193401\jre\bin\msvcp140.dll
0x00007fff5e620000 - 0x00007fff5f0f5000 	C:\Program Files\JetBrains\apps\AndroidStudio\ch-0\211.7628.21.2111.8193401\jre\bin\server\jvm.dll
0x00007fffbc7e0000 - 0x00007fffbc88e000 	C:\Windows\System32\ADVAPI32.dll
0x00007fffbc910000 - 0x00007fffbc9ac000 	C:\Windows\System32\sechost.dll
0x00007fffbca60000 - 0x00007fffbcb85000 	C:\Windows\System32\RPCRT4.dll
0x00007fffbc9b0000 - 0x00007fffbc9b8000 	C:\Windows\System32\PSAPI.DLL
0x00007fffb4320000 - 0x00007fffb432a000 	C:\Windows\SYSTEM32\VERSION.dll
0x00007fffb0610000 - 0x00007fffb0619000 	C:\Windows\SYSTEM32\WSOCK32.dll
0x00007fffaeac0000 - 0x00007fffaeae7000 	C:\Windows\SYSTEM32\WINMM.dll
0x00007fffbc260000 - 0x00007fffbc2cb000 	C:\Windows\System32\WS2_32.dll
0x00007fffb8390000 - 0x00007fffb83a2000 	C:\Windows\SYSTEM32\kernel.appcore.dll
0x00007fff9a900000 - 0x00007fff9a911000 	C:\Program Files\JetBrains\apps\AndroidStudio\ch-0\211.7628.21.2111.8193401\jre\bin\verify.dll
0x00007fffad000000 - 0x00007fffad1e4000 	C:\Windows\SYSTEM32\DBGHELP.DLL
0x00007fff9b8c0000 - 0x00007fff9b8ec000 	C:\Windows\SYSTEM32\dbgcore.DLL
0x00007fffbac80000 - 0x00007fffbad02000 	C:\Windows\System32\bcryptPrimitives.dll
0x00007fff8fc80000 - 0x00007fff8fca9000 	C:\Program Files\JetBrains\apps\AndroidStudio\ch-0\211.7628.21.2111.8193401\jre\bin\java.dll
0x00007fffb5780000 - 0x00007fffb578b000 	C:\Program Files\JetBrains\apps\AndroidStudio\ch-0\211.7628.21.2111.8193401\jre\bin\jimage.dll
0x00007fff995a0000 - 0x00007fff995b8000 	C:\Program Files\JetBrains\apps\AndroidStudio\ch-0\211.7628.21.2111.8193401\jre\bin\zip.dll
0x00007fffbba20000 - 0x00007fffbc164000 	C:\Windows\System32\SHELL32.dll
0x00007fffb8590000 - 0x00007fffb8d24000 	C:\Windows\SYSTEM32\windows.storage.dll
0x00007fffbc480000 - 0x00007fffbc7d4000 	C:\Windows\System32\combase.dll
0x00007fffb9df0000 - 0x00007fffb9e1c000 	C:\Windows\SYSTEM32\Wldp.dll
0x00007fffbb5f0000 - 0x00007fffbb69d000 	C:\Windows\System32\SHCORE.dll
0x00007fffbc170000 - 0x00007fffbc1c5000 	C:\Windows\System32\shlwapi.dll
0x00007fffba390000 - 0x00007fffba3af000 	C:\Windows\SYSTEM32\profapi.dll
0x00007fff97ae0000 - 0x00007fff97afa000 	C:\Program Files\JetBrains\apps\AndroidStudio\ch-0\211.7628.21.2111.8193401\jre\bin\net.dll
0x00007fffb53a0000 - 0x00007fffb54aa000 	C:\Windows\SYSTEM32\WINHTTP.dll
0x00007fffb9b50000 - 0x00007fffb9bba000 	C:\Windows\system32\mswsock.dll
0x00007fff8fc60000 - 0x00007fff8fc74000 	C:\Program Files\JetBrains\apps\AndroidStudio\ch-0\211.7628.21.2111.8193401\jre\bin\nio.dll
0x00007fff9f590000 - 0x00007fff9f5b7000 	C:\Users\xincas\.gradle\native\8bec1ad78214c89d9ad589b4d07fe93259594b29d510b10fafb7a158f7737e5d\windows-amd64\native-platform.dll
0x00007fff790f0000 - 0x00007fff7922d000 	C:\Users\xincas\.gradle\native\53dbd7edfb1c66fb8903c78663c9afc45aea4f116125fa6feffd364cf09443e8\windows-amd64\native-platform-file-events.dll
0x00007fffac150000 - 0x00007fffac15a000 	C:\Program Files\JetBrains\apps\AndroidStudio\ch-0\211.7628.21.2111.8193401\jre\bin\management.dll
0x00007fff9f460000 - 0x00007fff9f46d000 	C:\Program Files\JetBrains\apps\AndroidStudio\ch-0\211.7628.21.2111.8193401\jre\bin\management_ext.dll
0x00007fffb9d50000 - 0x00007fffb9d68000 	C:\Windows\SYSTEM32\CRYPTSP.dll
0x00007fffb94d0000 - 0x00007fffb9504000 	C:\Windows\system32\rsaenh.dll
0x00007fffbad10000 - 0x00007fffbad37000 	C:\Windows\System32\bcrypt.dll
0x00007fffba350000 - 0x00007fffba37e000 	C:\Windows\SYSTEM32\USERENV.dll
0x00007fffb9d40000 - 0x00007fffb9d4c000 	C:\Windows\SYSTEM32\CRYPTBASE.dll
0x00007fffb9840000 - 0x00007fffb987b000 	C:\Windows\SYSTEM32\IPHLPAPI.DLL
0x00007fffbb580000 - 0x00007fffbb588000 	C:\Windows\System32\NSI.dll
0x00007fffb4950000 - 0x00007fffb4967000 	C:\Windows\SYSTEM32\dhcpcsvc6.DLL
0x00007fffb4930000 - 0x00007fffb494d000 	C:\Windows\SYSTEM32\dhcpcsvc.DLL
0x00007fffb9880000 - 0x00007fffb994b000 	C:\Windows\SYSTEM32\DNSAPI.dll

dbghelp: loaded successfully - version: 4.0.5 - missing functions: none
symbol engine: initialized successfully - sym options: 0x614 - pdb path: .;C:\Program Files\JetBrains\apps\AndroidStudio\ch-0\211.7628.21.2111.8193401\jre\bin;C:\Windows\SYSTEM32;C:\Windows\WinSxS\amd64_microsoft.windows.common-controls_6595b64144ccf1df_6.0.19041.1110_none_60b5254171f9507e;C:\Program Files\JetBrains\apps\AndroidStudio\ch-0\211.7628.21.2111.8193401\jre\bin\server;C:\Users\xincas\.gradle\native\8bec1ad78214c89d9ad589b4d07fe93259594b29d510b10fafb7a158f7737e5d\windows-amd64;C:\Users\xincas\.gradle\native\53dbd7edfb1c66fb8903c78663c9afc45aea4f116125fa6feffd364cf09443e8\windows-amd64

VM Arguments:
jvm_args: --add-opens=java.base/java.util=ALL-UNNAMED --add-opens=java.base/java.lang=ALL-UNNAMED --add-opens=java.base/java.lang.invoke=ALL-UNNAMED --add-opens=java.base/java.util=ALL-UNNAMED --add-opens=java.prefs/java.util.prefs=ALL-UNNAMED --add-opens=java.prefs/java.util.prefs=ALL-UNNAMED --add-opens=java.base/java.nio.charset=ALL-UNNAMED --add-opens=java.base/java.net=ALL-UNNAMED --add-opens=java.base/java.util.concurrent.atomic=ALL-UNNAMED -Xmx2048m -Dfile.encoding=UTF-8 -Duser.country=RU -Duser.language=ru -Duser.variant 
java_command: org.gradle.launcher.daemon.bootstrap.GradleDaemon 7.0.2
java_class_path (initial): C:\Users\xincas\.gradle\wrapper\dists\gradle-7.0.2-bin\857tjihv64xamwrf0h14cai3r\gradle-7.0.2\lib\gradle-launcher-7.0.2.jar
Launcher Type: SUN_STANDARD

[Global flags]
     intx CICompilerCount                          = 4                                         {product} {ergonomic}
     uint ConcGCThreads                            = 2                                         {product} {ergonomic}
     uint G1ConcRefinementThreads                  = 8                                         {product} {ergonomic}
   size_t G1HeapRegionSize                         = 1048576                                   {product} {ergonomic}
    uintx GCDrainStackTargetSize                   = 64                                        {product} {ergonomic}
   size_t InitialHeapSize                          = 268435456                                 {product} {ergonomic}
   size_t MarkStackSize                            = 4194304                                   {product} {ergonomic}
   size_t MaxHeapSize                              = 2147483648                                {product} {command line}
   size_t MaxNewSize                               = 1287651328                                {product} {ergonomic}
   size_t MinHeapDeltaBytes                        = 1048576                                   {product} {ergonomic}
    uintx NonNMethodCodeHeapSize                   = 5836300                                {pd product} {ergonomic}
    uintx NonProfiledCodeHeapSize                  = 122910970                              {pd product} {ergonomic}
    uintx ProfiledCodeHeapSize                     = 122910970                              {pd product} {ergonomic}
    uintx ReservedCodeCacheSize                    = 251658240                              {pd product} {ergonomic}
     bool SegmentedCodeCache                       = true                                      {product} {ergonomic}
     bool UseCompressedClassPointers               = true                                 {lp64_product} {ergonomic}
     bool UseCompressedOops                        = true                                 {lp64_product} {ergonomic}
     bool UseG1GC                                  = true                                      {product} {ergonomic}
     bool UseLargePagesIndividualAllocation        = false                                  {pd product} {ergonomic}

Logging:
Log output configuration:
 #0: stdout all=warning uptime,level,tags
 #1: stderr all=off uptime,level,tags

Environment Variables:
PATH=C:\Program Files\Common Files\Oracle\Java\javapath;C:\ProgramData\Oracle\Java\javapath;C:\Windows\system32;C:\Windows;C:\Windows\System32\Wbem;C:\Windows\System32\WindowsPowerShell\v1.0\;C:\Windows\System32\OpenSSH\;C:\Program Files (x86)\NVIDIA Corporation\PhysX\Common;C:\Program Files\NVIDIA Corporation\NVIDIA NvDLISR;C:\Program Files\Git\cmd;C:\Program Files\dotnet\;C:\Users\xincas\AppData\Local\Microsoft\WindowsApps
USERNAME=xincas
OS=Windows_NT
PROCESSOR_IDENTIFIER=Intel64 Family 6 Model 165 Stepping 3, GenuineIntel



---------------  S Y S T E M  ---------------

OS: Windows 10 , 64 bit Build 19041 (10.0.19041.1645)
OS uptime: 0 days 1:25 hours

CPU:total 8 (initial active 8) (4 cores per cpu, 2 threads per core) family 6 model 165 stepping 3 microcode 0xcc, cmov, cx8, fxsr, mmx, sse, sse2, sse3, ssse3, sse4.1, sse4.2, popcnt, avx, avx2, aes, clmul, erms, 3dnowpref, lzcnt, ht, tsc, tscinvbit, bmi1, bmi2, adx, fma

Memory: 4k page, system-wide physical 16314M (2215M free)
TotalPageFile size 16314M (AvailPageFile size 5M)
current process WorkingSet (physical memory assigned to process): 287M, peak: 288M
current process commit charge ("private bytes"): 457M, peak: 461M

vm_info: OpenJDK 64-Bit Server VM (11.0.11+9-b60-7590822) for windows-amd64 JRE (11.0.11+9-b60-7590822), built on Jul 29 2021 21:43:44 by "builder" with MS VC++ 14.0 (VS2015)

END.
