#
# There is insufficient memory for the Java Runtime Environment to continue.
# Native memory allocation (malloc) failed to allocate 1049776 bytes for Chunk::new
# Possible reasons:
#   The system is out of physical RAM or swap space
#   The process is running with CompressedOops enabled, and the Java Heap may be blocking the growth of the native heap
# Possible solutions:
#   Reduce memory load on the system
#   Increase physical memory or swap space
#   Check if swap backing store is full
#   Decrease Java heap size (-Xmx/-Xms)
#   Decrease number of Java threads
#   Decrease Java thread stack sizes (-Xss)
#   Set larger code cache with -XX:ReservedCodeCacheSize=
#   JVM is running with Unscaled Compressed Oops mode in which the Java heap is
#     placed in the first 4GB address space. The Java Heap base address is the
#     maximum limit for the native heap growth. Please use -XX:HeapBaseMinAddress
#     to set the Java Heap base and to place the Java Heap above 4GB virtual address.
# This output file may be truncated or incomplete.
#
#  Out of Memory Error (./src/hotspot/share/memory/arena.cpp:197), pid=10640, tid=13008
#
# JRE version: OpenJDK Runtime Environment (11.0.11+9) (build 11.0.11+9-b60-7590822)
# Java VM: OpenJDK 64-Bit Server VM (11.0.11+9-b60-7590822, mixed mode, tiered, compressed oops, g1 gc, windows-amd64)
# No core dump will be written. Minidumps are not enabled by default on client versions of Windows
#

---------------  S U M M A R Y ------------

Command Line: --add-opens=java.base/java.util=ALL-UNNAMED --add-opens=java.base/java.lang=ALL-UNNAMED --add-opens=java.base/java.lang.invoke=ALL-UNNAMED --add-opens=java.base/java.util=ALL-UNNAMED --add-opens=java.prefs/java.util.prefs=ALL-UNNAMED --add-opens=java.prefs/java.util.prefs=ALL-UNNAMED --add-opens=java.base/java.nio.charset=ALL-UNNAMED --add-opens=java.base/java.net=ALL-UNNAMED --add-opens=java.base/java.util.concurrent.atomic=ALL-UNNAMED -Xmx2048m -Dfile.encoding=UTF-8 -Duser.country=RU -Duser.language=ru -Duser.variant org.gradle.launcher.daemon.bootstrap.GradleDaemon 7.0.2

Host: Intel(R) Core(TM) i3-10100F CPU @ 3.60GHz, 8 cores, 15G,  Windows 10 , 64 bit Build 19041 (10.0.19041.1645)
Time: Wed Apr 20 22:19:47 2022 RTZ 2 (зима) elapsed time: 12.833202 seconds (0d 0h 0m 12s)

---------------  T H R E A D  ---------------

Current thread (0x0000013d59073800):  JavaThread "C2 CompilerThread0" daemon [_thread_in_native, id=13008, stack(0x0000000428500000,0x0000000428600000)]


Current CompileTask:
C2:  12833 7509       4       org.gradle.internal.reflect.ClassInspector::inspectClass (179 bytes)

Stack: [0x0000000428500000,0x0000000428600000]
Native frames: (J=compiled Java code, j=interpreted, Vv=VM code, C=native code)
V  [jvm.dll+0x5f214a]
V  [jvm.dll+0x726fb5]
V  [jvm.dll+0x7285cd]
V  [jvm.dll+0x728c83]
V  [jvm.dll+0x243278]
V  [jvm.dll+0xbc53c]
V  [jvm.dll+0xbca3c]
V  [jvm.dll+0x353e7d]
V  [jvm.dll+0x19875c]
V  [jvm.dll+0x1fc2ee]
V  [jvm.dll+0x1fb3d4]
V  [jvm.dll+0x183d6c]
V  [jvm.dll+0x209a57]
V  [jvm.dll+0x2082a1]
V  [jvm.dll+0x6ef58f]
V  [jvm.dll+0x6e80b5]
V  [jvm.dll+0x5f1036]
C  [ucrtbase.dll+0x21bb2]
C  [KERNEL32.DLL+0x17034]
C  [ntdll.dll+0x52651]


---------------  P R O C E S S  ---------------

Threads class SMR info:
_java_thread_list=0x0000013d5b111df0, length=53, elements={
0x0000013d3db2b800, 0x0000013d59000000, 0x0000013d5900e000, 0x0000013d59027000,
0x0000013d59028000, 0x0000013d5902c000, 0x0000013d59073800, 0x0000013d59081800,
0x0000013d59084000, 0x0000013d591e7000, 0x0000013d5b9ee800, 0x0000013d5b0ca800,
0x0000013d5b1cc800, 0x0000013d5aff0000, 0x0000013d5aff1000, 0x0000013d5b40d000,
0x0000013d5be4e000, 0x0000013d5a521800, 0x0000013d5a522800, 0x0000013d59568000,
0x0000013d59566800, 0x0000013d59569800, 0x0000013d5956b800, 0x0000013d59567800,
0x0000013d59565800, 0x0000013d5956c000, 0x0000013d5c0b7000, 0x0000013d5c0b8800,
0x0000013d5c0ba000, 0x0000013d5c0b9800, 0x0000013d5c0bb000, 0x0000013d5c0b5000,
0x0000013d5c0b6000, 0x0000013d5e919000, 0x0000013d5e916000, 0x0000013d5e914800,
0x0000013d5e917000, 0x0000013d5e920800, 0x0000013d5e91f000, 0x0000013d5e91b800,
0x0000013d5e920000, 0x0000013d5e91b000, 0x0000013d5e921800, 0x0000013d5e922000,
0x0000013d5e91c800, 0x0000013d5e923000, 0x0000013d5e91d800, 0x0000013d5e91e000,
0x0000013d602a7000, 0x0000013d602a4800, 0x0000013d602a3800, 0x0000013d602a1000,
0x0000013d602a6000
}

Java Threads: ( => current thread )
  0x0000013d3db2b800 JavaThread "main" [_thread_blocked, id=14224, stack(0x0000000427900000,0x0000000427a00000)]
  0x0000013d59000000 JavaThread "Reference Handler" daemon [_thread_blocked, id=12480, stack(0x0000000428000000,0x0000000428100000)]
  0x0000013d5900e000 JavaThread "Finalizer" daemon [_thread_blocked, id=13912, stack(0x0000000428100000,0x0000000428200000)]
  0x0000013d59027000 JavaThread "Signal Dispatcher" daemon [_thread_blocked, id=13076, stack(0x0000000428200000,0x0000000428300000)]
  0x0000013d59028000 JavaThread "Attach Listener" daemon [_thread_blocked, id=15252, stack(0x0000000428300000,0x0000000428400000)]
  0x0000013d5902c000 JavaThread "Service Thread" daemon [_thread_blocked, id=13744, stack(0x0000000428400000,0x0000000428500000)]
=>0x0000013d59073800 JavaThread "C2 CompilerThread0" daemon [_thread_in_native, id=13008, stack(0x0000000428500000,0x0000000428600000)]
  0x0000013d59081800 JavaThread "C1 CompilerThread0" daemon [_thread_blocked, id=12552, stack(0x0000000428600000,0x0000000428700000)]
  0x0000013d59084000 JavaThread "Sweeper thread" daemon [_thread_blocked, id=13868, stack(0x0000000428700000,0x0000000428800000)]
  0x0000013d591e7000 JavaThread "Common-Cleaner" daemon [_thread_blocked, id=8368, stack(0x0000000428800000,0x0000000428900000)]
  0x0000013d5b9ee800 JavaThread "Daemon health stats" [_thread_blocked, id=15216, stack(0x0000000429100000,0x0000000429200000)]
  0x0000013d5b0ca800 JavaThread "Incoming local TCP Connector on port 56921" [_thread_in_native, id=7276, stack(0x0000000429200000,0x0000000429300000)]
  0x0000013d5b1cc800 JavaThread "Daemon periodic checks" [_thread_blocked, id=1864, stack(0x0000000429300000,0x0000000429400000)]
  0x0000013d5aff0000 JavaThread "Daemon" [_thread_blocked, id=14284, stack(0x0000000429400000,0x0000000429500000)]
  0x0000013d5aff1000 JavaThread "Handler for socket connection from /127.0.0.1:56921 to /127.0.0.1:56922" [_thread_in_native, id=6664, stack(0x0000000429500000,0x0000000429600000)]
  0x0000013d5b40d000 JavaThread "Cancel handler" [_thread_blocked, id=13040, stack(0x0000000429600000,0x0000000429700000)]
  0x0000013d5be4e000 JavaThread "Daemon worker" [_thread_in_Java, id=14600, stack(0x0000000429700000,0x0000000429800000)]
  0x0000013d5a521800 JavaThread "Asynchronous log dispatcher for DefaultDaemonConnection: socket connection from /127.0.0.1:56921 to /127.0.0.1:56922" [_thread_blocked, id=4588, stack(0x0000000429800000,0x0000000429900000)]
  0x0000013d5a522800 JavaThread "Stdin handler" [_thread_blocked, id=9860, stack(0x0000000429900000,0x0000000429a00000)]
  0x0000013d59568000 JavaThread "Daemon client event forwarder" [_thread_blocked, id=6648, stack(0x0000000429a00000,0x0000000429b00000)]
  0x0000013d59566800 JavaThread "Cache worker for file hash cache (C:\Users\xincas\.gradle\caches\7.0.2\fileHashes)" [_thread_blocked, id=7252, stack(0x0000000429b00000,0x0000000429c00000)]
  0x0000013d59569800 JavaThread "File lock request listener" [_thread_in_native, id=5220, stack(0x0000000429c00000,0x0000000429d00000)]
  0x0000013d5956b800 JavaThread "Cache worker for journal cache (C:\Users\xincas\.gradle\caches\journal-1)" [_thread_blocked, id=12608, stack(0x000000042a000000,0x000000042a100000)]
  0x0000013d59567800 JavaThread "Cache worker for file hash cache (C:\Users\xincas\AndroidStudioProjects\BorutoApp\.gradle\7.0.2\fileHashes)" [_thread_blocked, id=9908, stack(0x000000042a100000,0x000000042a200000)]
  0x0000013d59565800 JavaThread "File watcher server" daemon [_thread_in_native, id=12012, stack(0x000000042a200000,0x000000042a300000)]
  0x0000013d5956c000 JavaThread "File watcher consumer" daemon [_thread_blocked, id=12060, stack(0x000000042a300000,0x000000042a400000)]
  0x0000013d5c0b7000 JavaThread "Cache worker for checksums cache (C:\Users\xincas\AndroidStudioProjects\BorutoApp\.gradle\checksums)" [_thread_blocked, id=9064, stack(0x000000042a400000,0x000000042a500000)]
  0x0000013d5c0b8800 JavaThread "Cache worker for cache directory md-supplier (C:\Users\xincas\.gradle\caches\7.0.2\md-supplier)" [_thread_blocked, id=6148, stack(0x000000042a500000,0x000000042a600000)]
  0x0000013d5c0ba000 JavaThread "Cache worker for cache directory md-rule (C:\Users\xincas\.gradle\caches\7.0.2\md-rule)" [_thread_blocked, id=276, stack(0x000000042a600000,0x000000042a700000)]
  0x0000013d5c0b9800 JavaThread "Cache worker for execution history cache (C:\Users\xincas\.gradle\caches\7.0.2\executionHistory)" [_thread_blocked, id=12360, stack(0x000000042a700000,0x000000042a800000)]
  0x0000013d5c0bb000 JavaThread "jar transforms" [_thread_blocked, id=10412, stack(0x000000042a800000,0x000000042a900000)]
  0x0000013d5c0b5000 JavaThread "jar transforms Thread 2" [_thread_blocked, id=1668, stack(0x000000042a900000,0x000000042aa00000)]
  0x0000013d5c0b6000 JavaThread "Cache worker for file content cache (C:\Users\xincas\.gradle\caches\7.0.2\fileContent)" [_thread_blocked, id=928, stack(0x000000042aa00000,0x000000042ab00000)]
  0x0000013d5e919000 JavaThread "Cache worker for dependencies-accessors (C:\Users\xincas\AndroidStudioProjects\BorutoApp\.gradle\7.0.2\dependencies-accessors)" [_thread_blocked, id=5972, stack(0x000000042ab00000,0x000000042ac00000)]
  0x0000013d5e916000 JavaThread "jar transforms Thread 3" [_thread_blocked, id=11088, stack(0x000000042ac00000,0x000000042ad00000)]
  0x0000013d5e914800 JavaThread "Cache worker for Build Output Cleanup Cache (C:\Users\xincas\AndroidStudioProjects\BorutoApp\.gradle\buildOutputCleanup)" [_thread_blocked, id=3764, stack(0x000000042ad00000,0x000000042ae00000)]
  0x0000013d5e917000 JavaThread "Build operations" [_thread_blocked, id=8952, stack(0x000000042ae00000,0x000000042af00000)]
  0x0000013d5e920800 JavaThread "Build operations Thread 2" [_thread_blocked, id=7216, stack(0x000000042af00000,0x000000042b000000)]
  0x0000013d5e91f000 JavaThread "Build operations Thread 3" [_thread_blocked, id=8384, stack(0x000000042b000000,0x000000042b100000)]
  0x0000013d5e91b800 JavaThread "Build operations Thread 4" [_thread_blocked, id=11912, stack(0x000000042b100000,0x000000042b200000)]
  0x0000013d5e920000 JavaThread "Build operations Thread 5" [_thread_blocked, id=14052, stack(0x000000042b200000,0x000000042b300000)]
  0x0000013d5e91b000 JavaThread "Build operations Thread 6" [_thread_blocked, id=5464, stack(0x000000042b300000,0x000000042b400000)]
  0x0000013d5e921800 JavaThread "Build operations Thread 7" [_thread_blocked, id=2020, stack(0x000000042b400000,0x000000042b500000)]
  0x0000013d5e922000 JavaThread "Build operations Thread 8" [_thread_blocked, id=9556, stack(0x000000042b500000,0x000000042b600000)]
  0x0000013d5e91c800 JavaThread "jar transforms Thread 4" [_thread_blocked, id=2372, stack(0x000000042b600000,0x000000042b700000)]
  0x0000013d5e923000 JavaThread "jar transforms Thread 5" [_thread_blocked, id=3284, stack(0x000000042b700000,0x000000042b800000)]
  0x0000013d5e91d800 JavaThread "jar transforms Thread 6" [_thread_blocked, id=11584, stack(0x000000042b800000,0x000000042b900000)]
  0x0000013d5e91e000 JavaThread "jar transforms Thread 7" [_thread_blocked, id=8872, stack(0x000000042b900000,0x000000042ba00000)]
  0x0000013d602a7000 JavaThread "jar transforms Thread 8" [_thread_blocked, id=11832, stack(0x000000042ba00000,0x000000042bb00000)]
  0x0000013d602a4800 JavaThread "Memory manager" [_thread_blocked, id=15224, stack(0x000000042bb00000,0x000000042bc00000)]
  0x0000013d602a3800 JavaThread "build event listener" [_thread_blocked, id=3172, stack(0x0000000428a00000,0x0000000428b00000)]
  0x0000013d602a1000 JavaThread "C2 CompilerThread1" daemon [_thread_in_native, id=1448, stack(0x0000000428b00000,0x0000000428c00000)]
  0x0000013d602a6000 JavaThread "C2 CompilerThread2" daemon [_thread_in_native, id=9564, stack(0x000000042bc00000,0x000000042bd00000)]

Other Threads:
  0x0000013d58ffc800 VMThread "VM Thread" [stack: 0x0000000427f00000,0x0000000428000000] [id=3668]
  0x0000013d59213800 WatcherThread [stack: 0x0000000428900000,0x0000000428a00000] [id=12404]
  0x0000013d3db44000 GCTaskThread "GC Thread#0" [stack: 0x0000000427a00000,0x0000000427b00000] [id=12824]
  0x0000013d5a147000 GCTaskThread "GC Thread#1" [stack: 0x0000000428c00000,0x0000000428d00000] [id=3896]
  0x0000013d5a147800 GCTaskThread "GC Thread#2" [stack: 0x0000000428d00000,0x0000000428e00000] [id=11352]
  0x0000013d5a148000 GCTaskThread "GC Thread#3" [stack: 0x0000000428e00000,0x0000000428f00000] [id=9772]
  0x0000013d59e11000 GCTaskThread "GC Thread#4" [stack: 0x0000000428f00000,0x0000000429000000] [id=13364]
  0x0000013d59e11800 GCTaskThread "GC Thread#5" [stack: 0x0000000429000000,0x0000000429100000] [id=13972]
  0x0000013d5b455800 GCTaskThread "GC Thread#6" [stack: 0x0000000429d00000,0x0000000429e00000] [id=1272]
  0x0000013d5b31e000 GCTaskThread "GC Thread#7" [stack: 0x0000000429e00000,0x0000000429f00000] [id=12596]
  0x0000013d3db77800 ConcurrentGCThread "G1 Main Marker" [stack: 0x0000000427b00000,0x0000000427c00000] [id=12704]
  0x0000013d3db7a000 ConcurrentGCThread "G1 Conc#0" [stack: 0x0000000427c00000,0x0000000427d00000] [id=1972]
  0x0000013d5aa5d000 ConcurrentGCThread "G1 Conc#1" [stack: 0x0000000429f00000,0x000000042a000000] [id=12580]
  0x0000013d3dc0e000 ConcurrentGCThread "G1 Refine#0" [stack: 0x0000000427d00000,0x0000000427e00000] [id=13072]
  0x0000013d5864a800 ConcurrentGCThread "G1 Young RemSet Sampling" [stack: 0x0000000427e00000,0x0000000427f00000] [id=6208]

Threads with active compile tasks:
C2 CompilerThread0  12875 7509       4       org.gradle.internal.reflect.ClassInspector::inspectClass (179 bytes)
C1 CompilerThread0  12875 7654       3       java.lang.invoke.Invokers$Holder::linkToTargetMethod (10 bytes)
C2 CompilerThread1  12875 7588       4       sun.reflect.generics.visitor.Reifier::visitClassTypeSignature (381 bytes)
C2 CompilerThread2  12875 7625       4       org.gradle.internal.reflect.MethodSet::add (50 bytes)

VM state:not at safepoint (normal execution)

VM Mutex/Monitor currently owned by a thread: None

Heap address: 0x0000000080000000, size: 2048 MB, Compressed Oops mode: 32-bit
Narrow klass base: 0x0000000000000000, Narrow klass shift: 3
Compressed class space size: 1073741824 Address: 0x0000000100000000

Heap:
 garbage-first heap   total 262144K, used 146659K [0x0000000080000000, 0x0000000100000000)
  region size 1024K, 97 young (99328K), 12 survivors (12288K)
 Metaspace       used 79844K, capacity 81628K, committed 81740K, reserved 1120256K
  class space    used 10361K, capacity 11046K, committed 11084K, reserved 1048576K
Heap Regions: E=young(eden), S=young(survivor), O=old, HS=humongous(starts), HC=humongous(continues), CS=collection set, F=free, A=archive, TAMS=top-at-mark-start (previous, next)
|   0|0x0000000080000000, 0x0000000080100000, 0x0000000080100000|100%| O|  |TAMS 0x0000000080100000, 0x0000000080000000| Untracked 
|   1|0x0000000080100000, 0x0000000080200000, 0x0000000080200000|100%| O|  |TAMS 0x0000000080200000, 0x0000000080100000| Untracked 
|   2|0x0000000080200000, 0x0000000080300000, 0x0000000080300000|100%| O|  |TAMS 0x0000000080300000, 0x0000000080200000| Untracked 
|   3|0x0000000080300000, 0x0000000080400000, 0x0000000080400000|100%|HS|  |TAMS 0x0000000080400000, 0x0000000080300000| Complete 
|   4|0x0000000080400000, 0x0000000080500000, 0x0000000080500000|100%|HC|  |TAMS 0x0000000080500000, 0x0000000080400000| Complete 
|   5|0x0000000080500000, 0x0000000080600000, 0x0000000080600000|100%|HC|  |TAMS 0x0000000080600000, 0x0000000080500000| Complete 
|   6|0x0000000080600000, 0x0000000080700000, 0x0000000080700000|100%| O|  |TAMS 0x0000000080700000, 0x0000000080600000| Untracked 
|   7|0x0000000080700000, 0x0000000080800000, 0x0000000080800000|100%| O|  |TAMS 0x0000000080800000, 0x0000000080700000| Untracked 
|   8|0x0000000080800000, 0x0000000080900000, 0x0000000080900000|100%| O|  |TAMS 0x0000000080900000, 0x0000000080800000| Untracked 
|   9|0x0000000080900000, 0x0000000080a00000, 0x0000000080a00000|100%| O|  |TAMS 0x0000000080a00000, 0x0000000080900000| Untracked 
|  10|0x0000000080a00000, 0x0000000080b00000, 0x0000000080b00000|100%| O|  |TAMS 0x0000000080b00000, 0x0000000080a00000| Untracked 
|  11|0x0000000080b00000, 0x0000000080c00000, 0x0000000080c00000|100%| O|  |TAMS 0x0000000080c00000, 0x0000000080b00000| Untracked 
|  12|0x0000000080c00000, 0x0000000080d00000, 0x0000000080d00000|100%| O|  |TAMS 0x0000000080d00000, 0x0000000080c00000| Untracked 
|  13|0x0000000080d00000, 0x0000000080e00000, 0x0000000080e00000|100%| O|  |TAMS 0x0000000080e00000, 0x0000000080d00000| Untracked 
|  14|0x0000000080e00000, 0x0000000080f00000, 0x0000000080f00000|100%| O|  |TAMS 0x0000000080f00000, 0x0000000080e00000| Untracked 
|  15|0x0000000080f00000, 0x0000000081000000, 0x0000000081000000|100%| O|  |TAMS 0x0000000081000000, 0x0000000080f00000| Untracked 
|  16|0x0000000081000000, 0x0000000081100000, 0x0000000081100000|100%|HS|  |TAMS 0x0000000081100000, 0x0000000081000000| Complete 
|  17|0x0000000081100000, 0x0000000081200000, 0x0000000081200000|100%|HS|  |TAMS 0x0000000081200000, 0x0000000081100000| Complete 
|  18|0x0000000081200000, 0x0000000081300000, 0x0000000081300000|100%|HS|  |TAMS 0x0000000081300000, 0x0000000081200000| Complete 
|  19|0x0000000081300000, 0x0000000081400000, 0x0000000081400000|100%|HS|  |TAMS 0x0000000081400000, 0x0000000081300000| Complete 
|  20|0x0000000081400000, 0x0000000081500000, 0x0000000081500000|100%|HC|  |TAMS 0x0000000081500000, 0x0000000081400000| Complete 
|  21|0x0000000081500000, 0x0000000081600000, 0x0000000081600000|100%|HC|  |TAMS 0x0000000081600000, 0x0000000081500000| Complete 
|  22|0x0000000081600000, 0x0000000081700000, 0x0000000081700000|100%|HS|  |TAMS 0x0000000081700000, 0x0000000081600000| Complete 
|  23|0x0000000081700000, 0x0000000081800000, 0x0000000081800000|100%|HC|  |TAMS 0x0000000081800000, 0x0000000081700000| Complete 
|  24|0x0000000081800000, 0x0000000081900000, 0x0000000081900000|100%| O|  |TAMS 0x0000000081900000, 0x0000000081800000| Untracked 
|  25|0x0000000081900000, 0x0000000081a00000, 0x0000000081a00000|100%| O|  |TAMS 0x0000000081a00000, 0x0000000081900000| Untracked 
|  26|0x0000000081a00000, 0x0000000081b00000, 0x0000000081b00000|100%| O|  |TAMS 0x0000000081b00000, 0x0000000081a00000| Untracked 
|  27|0x0000000081b00000, 0x0000000081c00000, 0x0000000081c00000|100%| O|  |TAMS 0x0000000081c00000, 0x0000000081b00000| Untracked 
|  28|0x0000000081c00000, 0x0000000081d00000, 0x0000000081d00000|100%| O|  |TAMS 0x0000000081d00000, 0x0000000081c00000| Untracked 
|  29|0x0000000081d00000, 0x0000000081e00000, 0x0000000081e00000|100%| O|  |TAMS 0x0000000081e00000, 0x0000000081d00000| Untracked 
|  30|0x0000000081e00000, 0x0000000081f00000, 0x0000000081f00000|100%| O|  |TAMS 0x0000000081f00000, 0x0000000081e00000| Untracked 
|  31|0x0000000081f00000, 0x0000000082000000, 0x0000000082000000|100%| O|  |TAMS 0x0000000082000000, 0x0000000081f00000| Untracked 
|  32|0x0000000082000000, 0x0000000082100000, 0x0000000082100000|100%| O|  |TAMS 0x0000000082100000, 0x0000000082000000| Untracked 
|  33|0x0000000082100000, 0x0000000082200000, 0x0000000082200000|100%| O|  |TAMS 0x0000000082200000, 0x0000000082100000| Untracked 
|  34|0x0000000082200000, 0x0000000082300000, 0x0000000082300000|100%| O|  |TAMS 0x0000000082300000, 0x0000000082200000| Untracked 
|  35|0x0000000082300000, 0x0000000082400000, 0x0000000082400000|100%| O|  |TAMS 0x0000000082400000, 0x0000000082300000| Untracked 
|  36|0x0000000082400000, 0x0000000082500000, 0x0000000082500000|100%| O|  |TAMS 0x0000000082500000, 0x0000000082400000| Untracked 
|  37|0x0000000082500000, 0x0000000082600000, 0x0000000082600000|100%| O|  |TAMS 0x0000000082600000, 0x0000000082500000| Untracked 
|  38|0x0000000082600000, 0x0000000082700000, 0x0000000082700000|100%| O|  |TAMS 0x0000000082700000, 0x0000000082600000| Untracked 
|  39|0x0000000082700000, 0x0000000082800000, 0x0000000082800000|100%| O|  |TAMS 0x0000000082800000, 0x0000000082700000| Untracked 
|  40|0x0000000082800000, 0x0000000082900000, 0x0000000082900000|100%| O|  |TAMS 0x0000000082900000, 0x0000000082800000| Untracked 
|  41|0x0000000082900000, 0x0000000082a00000, 0x0000000082a00000|100%| O|  |TAMS 0x0000000082a00000, 0x0000000082900000| Untracked 
|  42|0x0000000082a00000, 0x0000000082b00000, 0x0000000082b00000|100%| O|  |TAMS 0x0000000082b00000, 0x0000000082a00000| Untracked 
|  43|0x0000000082b00000, 0x0000000082c00000, 0x0000000082c00000|100%| O|  |TAMS 0x0000000082c00000, 0x0000000082b00000| Untracked 
|  44|0x0000000082c00000, 0x0000000082d00000, 0x0000000082d00000|100%| O|  |TAMS 0x0000000082d00000, 0x0000000082c00000| Untracked 
|  45|0x0000000082d00000, 0x0000000082e00000, 0x0000000082e00000|100%| O|  |TAMS 0x0000000082e00000, 0x0000000082d00000| Untracked 
|  46|0x0000000082e00000, 0x0000000082f00000, 0x0000000082f00000|100%| O|  |TAMS 0x0000000082f00000, 0x0000000082e00000| Untracked 
|  47|0x0000000082f00000, 0x0000000082fba400, 0x0000000083000000| 72%| O|  |TAMS 0x0000000082fba400, 0x0000000082f00000| Untracked 
|  48|0x0000000083000000, 0x0000000083000000, 0x0000000083100000|  0%| F|  |TAMS 0x0000000083000000, 0x0000000083000000| Untracked 
|  49|0x0000000083100000, 0x0000000083100000, 0x0000000083200000|  0%| F|  |TAMS 0x0000000083100000, 0x0000000083100000| Untracked 
|  50|0x0000000083200000, 0x0000000083200000, 0x0000000083300000|  0%| F|  |TAMS 0x0000000083200000, 0x0000000083200000| Untracked 
|  51|0x0000000083300000, 0x0000000083300000, 0x0000000083400000|  0%| F|  |TAMS 0x0000000083300000, 0x0000000083300000| Untracked 
|  52|0x0000000083400000, 0x0000000083400000, 0x0000000083500000|  0%| F|  |TAMS 0x0000000083400000, 0x0000000083400000| Untracked 
|  53|0x0000000083500000, 0x0000000083500000, 0x0000000083600000|  0%| F|  |TAMS 0x0000000083500000, 0x0000000083500000| Untracked 
|  54|0x0000000083600000, 0x0000000083600000, 0x0000000083700000|  0%| F|  |TAMS 0x0000000083600000, 0x0000000083600000| Untracked 
|  55|0x0000000083700000, 0x0000000083700000, 0x0000000083800000|  0%| F|  |TAMS 0x0000000083700000, 0x0000000083700000| Untracked 
|  56|0x0000000083800000, 0x0000000083800000, 0x0000000083900000|  0%| F|  |TAMS 0x0000000083800000, 0x0000000083800000| Untracked 
|  57|0x0000000083900000, 0x0000000083900000, 0x0000000083a00000|  0%| F|  |TAMS 0x0000000083900000, 0x0000000083900000| Untracked 
|  58|0x0000000083a00000, 0x0000000083a00000, 0x0000000083b00000|  0%| F|  |TAMS 0x0000000083a00000, 0x0000000083a00000| Untracked 
|  59|0x0000000083b00000, 0x0000000083b00000, 0x0000000083c00000|  0%| F|  |TAMS 0x0000000083b00000, 0x0000000083b00000| Untracked 
|  60|0x0000000083c00000, 0x0000000083c00000, 0x0000000083d00000|  0%| F|  |TAMS 0x0000000083c00000, 0x0000000083c00000| Untracked 
|  61|0x0000000083d00000, 0x0000000083d00000, 0x0000000083e00000|  0%| F|  |TAMS 0x0000000083d00000, 0x0000000083d00000| Untracked 
|  62|0x0000000083e00000, 0x0000000083e00000, 0x0000000083f00000|  0%| F|  |TAMS 0x0000000083e00000, 0x0000000083e00000| Untracked 
|  63|0x0000000083f00000, 0x0000000083f00000, 0x0000000084000000|  0%| F|  |TAMS 0x0000000083f00000, 0x0000000083f00000| Untracked 
|  64|0x0000000084000000, 0x0000000084000000, 0x0000000084100000|  0%| F|  |TAMS 0x0000000084000000, 0x0000000084000000| Untracked 
|  65|0x0000000084100000, 0x0000000084100000, 0x0000000084200000|  0%| F|  |TAMS 0x0000000084100000, 0x0000000084100000| Untracked 
|  66|0x0000000084200000, 0x0000000084200000, 0x0000000084300000|  0%| F|  |TAMS 0x0000000084200000, 0x0000000084200000| Untracked 
|  67|0x0000000084300000, 0x0000000084300000, 0x0000000084400000|  0%| F|  |TAMS 0x0000000084300000, 0x0000000084300000| Untracked 
|  68|0x0000000084400000, 0x0000000084400000, 0x0000000084500000|  0%| F|  |TAMS 0x0000000084400000, 0x0000000084400000| Untracked 
|  69|0x0000000084500000, 0x0000000084500000, 0x0000000084600000|  0%| F|  |TAMS 0x0000000084500000, 0x0000000084500000| Untracked 
|  70|0x0000000084600000, 0x0000000084600000, 0x0000000084700000|  0%| F|  |TAMS 0x0000000084600000, 0x0000000084600000| Untracked 
|  71|0x0000000084700000, 0x0000000084700000, 0x0000000084800000|  0%| F|  |TAMS 0x0000000084700000, 0x0000000084700000| Untracked 
|  72|0x0000000084800000, 0x0000000084800000, 0x0000000084900000|  0%| F|  |TAMS 0x0000000084800000, 0x0000000084800000| Untracked 
|  73|0x0000000084900000, 0x0000000084900000, 0x0000000084a00000|  0%| F|  |TAMS 0x0000000084900000, 0x0000000084900000| Untracked 
|  74|0x0000000084a00000, 0x0000000084a00000, 0x0000000084b00000|  0%| F|  |TAMS 0x0000000084a00000, 0x0000000084a00000| Untracked 
|  75|0x0000000084b00000, 0x0000000084b00000, 0x0000000084c00000|  0%| F|  |TAMS 0x0000000084b00000, 0x0000000084b00000| Untracked 
|  76|0x0000000084c00000, 0x0000000084c00000, 0x0000000084d00000|  0%| F|  |TAMS 0x0000000084c00000, 0x0000000084c00000| Untracked 
|  77|0x0000000084d00000, 0x0000000084d00000, 0x0000000084e00000|  0%| F|  |TAMS 0x0000000084d00000, 0x0000000084d00000| Untracked 
|  78|0x0000000084e00000, 0x0000000084e00000, 0x0000000084f00000|  0%| F|  |TAMS 0x0000000084e00000, 0x0000000084e00000| Untracked 
|  79|0x0000000084f00000, 0x0000000084f00000, 0x0000000085000000|  0%| F|  |TAMS 0x0000000084f00000, 0x0000000084f00000| Untracked 
|  80|0x0000000085000000, 0x0000000085000000, 0x0000000085100000|  0%| F|  |TAMS 0x0000000085000000, 0x0000000085000000| Untracked 
|  81|0x0000000085100000, 0x0000000085100000, 0x0000000085200000|  0%| F|  |TAMS 0x0000000085100000, 0x0000000085100000| Untracked 
|  82|0x0000000085200000, 0x0000000085200000, 0x0000000085300000|  0%| F|  |TAMS 0x0000000085200000, 0x0000000085200000| Untracked 
|  83|0x0000000085300000, 0x0000000085300000, 0x0000000085400000|  0%| F|  |TAMS 0x0000000085300000, 0x0000000085300000| Untracked 
|  84|0x0000000085400000, 0x0000000085400000, 0x0000000085500000|  0%| F|  |TAMS 0x0000000085400000, 0x0000000085400000| Untracked 
|  85|0x0000000085500000, 0x0000000085500000, 0x0000000085600000|  0%| F|  |TAMS 0x0000000085500000, 0x0000000085500000| Untracked 
|  86|0x0000000085600000, 0x0000000085600000, 0x0000000085700000|  0%| F|  |TAMS 0x0000000085600000, 0x0000000085600000| Untracked 
|  87|0x0000000085700000, 0x0000000085700000, 0x0000000085800000|  0%| F|  |TAMS 0x0000000085700000, 0x0000000085700000| Untracked 
|  88|0x0000000085800000, 0x0000000085800000, 0x0000000085900000|  0%| F|  |TAMS 0x0000000085800000, 0x0000000085800000| Untracked 
|  89|0x0000000085900000, 0x0000000085900000, 0x0000000085a00000|  0%| F|  |TAMS 0x0000000085900000, 0x0000000085900000| Untracked 
|  90|0x0000000085a00000, 0x0000000085a00000, 0x0000000085b00000|  0%| F|  |TAMS 0x0000000085a00000, 0x0000000085a00000| Untracked 
|  91|0x0000000085b00000, 0x0000000085b00000, 0x0000000085c00000|  0%| F|  |TAMS 0x0000000085b00000, 0x0000000085b00000| Untracked 
|  92|0x0000000085c00000, 0x0000000085c00000, 0x0000000085d00000|  0%| F|  |TAMS 0x0000000085c00000, 0x0000000085c00000| Untracked 
|  93|0x0000000085d00000, 0x0000000085d00000, 0x0000000085e00000|  0%| F|  |TAMS 0x0000000085d00000, 0x0000000085d00000| Untracked 
|  94|0x0000000085e00000, 0x0000000085e00000, 0x0000000085f00000|  0%| F|  |TAMS 0x0000000085e00000, 0x0000000085e00000| Untracked 
|  95|0x0000000085f00000, 0x0000000085f7ea40, 0x0000000086000000| 49%| S|CS|TAMS 0x0000000085f00000, 0x0000000085f00000| Complete 
|  96|0x0000000086000000, 0x0000000086100000, 0x0000000086100000|100%| S|CS|TAMS 0x0000000086000000, 0x0000000086000000| Complete 
|  97|0x0000000086100000, 0x0000000086200000, 0x0000000086200000|100%| S|CS|TAMS 0x0000000086100000, 0x0000000086100000| Complete 
|  98|0x0000000086200000, 0x0000000086300000, 0x0000000086300000|100%| S|CS|TAMS 0x0000000086200000, 0x0000000086200000| Complete 
|  99|0x0000000086300000, 0x0000000086400000, 0x0000000086400000|100%| S|CS|TAMS 0x0000000086300000, 0x0000000086300000| Complete 
| 100|0x0000000086400000, 0x0000000086500000, 0x0000000086500000|100%| S|CS|TAMS 0x0000000086400000, 0x0000000086400000| Complete 
| 101|0x0000000086500000, 0x0000000086600000, 0x0000000086600000|100%| S|CS|TAMS 0x0000000086500000, 0x0000000086500000| Complete 
| 102|0x0000000086600000, 0x0000000086700000, 0x0000000086700000|100%| S|CS|TAMS 0x0000000086600000, 0x0000000086600000| Complete 
| 103|0x0000000086700000, 0x0000000086800000, 0x0000000086800000|100%| S|CS|TAMS 0x0000000086700000, 0x0000000086700000| Complete 
| 104|0x0000000086800000, 0x0000000086900000, 0x0000000086900000|100%| S|CS|TAMS 0x0000000086800000, 0x0000000086800000| Complete 
| 105|0x0000000086900000, 0x0000000086a00000, 0x0000000086a00000|100%| S|CS|TAMS 0x0000000086900000, 0x0000000086900000| Complete 
| 106|0x0000000086a00000, 0x0000000086b00000, 0x0000000086b00000|100%| S|CS|TAMS 0x0000000086a00000, 0x0000000086a00000| Complete 
| 107|0x0000000086b00000, 0x0000000086b00000, 0x0000000086c00000|  0%| F|  |TAMS 0x0000000086b00000, 0x0000000086b00000| Untracked 
| 108|0x0000000086c00000, 0x0000000086c00000, 0x0000000086d00000|  0%| F|  |TAMS 0x0000000086c00000, 0x0000000086c00000| Untracked 
| 109|0x0000000086d00000, 0x0000000086d00000, 0x0000000086e00000|  0%| F|  |TAMS 0x0000000086d00000, 0x0000000086d00000| Untracked 
| 110|0x0000000086e00000, 0x0000000086e00000, 0x0000000086f00000|  0%| F|  |TAMS 0x0000000086e00000, 0x0000000086e00000| Untracked 
| 111|0x0000000086f00000, 0x0000000086f00000, 0x0000000087000000|  0%| F|  |TAMS 0x0000000086f00000, 0x0000000086f00000| Untracked 
| 112|0x0000000087000000, 0x0000000087000000, 0x0000000087100000|  0%| F|  |TAMS 0x0000000087000000, 0x0000000087000000| Untracked 
| 113|0x0000000087100000, 0x0000000087100000, 0x0000000087200000|  0%| F|  |TAMS 0x0000000087100000, 0x0000000087100000| Untracked 
| 114|0x0000000087200000, 0x0000000087200000, 0x0000000087300000|  0%| F|  |TAMS 0x0000000087200000, 0x0000000087200000| Untracked 
| 115|0x0000000087300000, 0x0000000087300000, 0x0000000087400000|  0%| F|  |TAMS 0x0000000087300000, 0x0000000087300000| Untracked 
| 116|0x0000000087400000, 0x0000000087400000, 0x0000000087500000|  0%| F|  |TAMS 0x0000000087400000, 0x0000000087400000| Untracked 
| 117|0x0000000087500000, 0x0000000087500000, 0x0000000087600000|  0%| F|  |TAMS 0x0000000087500000, 0x0000000087500000| Untracked 
| 118|0x0000000087600000, 0x0000000087600000, 0x0000000087700000|  0%| F|  |TAMS 0x0000000087600000, 0x0000000087600000| Untracked 
| 119|0x0000000087700000, 0x0000000087700000, 0x0000000087800000|  0%| F|  |TAMS 0x0000000087700000, 0x0000000087700000| Untracked 
| 120|0x0000000087800000, 0x0000000087800000, 0x0000000087900000|  0%| F|  |TAMS 0x0000000087800000, 0x0000000087800000| Untracked 
| 121|0x0000000087900000, 0x0000000087900000, 0x0000000087a00000|  0%| F|  |TAMS 0x0000000087900000, 0x0000000087900000| Untracked 
| 122|0x0000000087a00000, 0x0000000087a00000, 0x0000000087b00000|  0%| F|  |TAMS 0x0000000087a00000, 0x0000000087a00000| Untracked 
| 123|0x0000000087b00000, 0x0000000087b00000, 0x0000000087c00000|  0%| F|  |TAMS 0x0000000087b00000, 0x0000000087b00000| Untracked 
| 124|0x0000000087c00000, 0x0000000087c00000, 0x0000000087d00000|  0%| F|  |TAMS 0x0000000087c00000, 0x0000000087c00000| Untracked 
| 125|0x0000000087d00000, 0x0000000087d00000, 0x0000000087e00000|  0%| F|  |TAMS 0x0000000087d00000, 0x0000000087d00000| Untracked 
| 126|0x0000000087e00000, 0x0000000087e00000, 0x0000000087f00000|  0%| F|  |TAMS 0x0000000087e00000, 0x0000000087e00000| Untracked 
| 127|0x0000000087f00000, 0x0000000087f00000, 0x0000000088000000|  0%| F|  |TAMS 0x0000000087f00000, 0x0000000087f00000| Untracked 
| 128|0x0000000088000000, 0x0000000088000000, 0x0000000088100000|  0%| F|  |TAMS 0x0000000088000000, 0x0000000088000000| Untracked 
| 129|0x0000000088100000, 0x0000000088100000, 0x0000000088200000|  0%| F|  |TAMS 0x0000000088100000, 0x0000000088100000| Untracked 
| 130|0x0000000088200000, 0x0000000088200000, 0x0000000088300000|  0%| F|  |TAMS 0x0000000088200000, 0x0000000088200000| Untracked 
| 131|0x0000000088300000, 0x0000000088300000, 0x0000000088400000|  0%| F|  |TAMS 0x0000000088300000, 0x0000000088300000| Untracked 
| 132|0x0000000088400000, 0x0000000088400000, 0x0000000088500000|  0%| F|  |TAMS 0x0000000088400000, 0x0000000088400000| Untracked 
| 133|0x0000000088500000, 0x0000000088500000, 0x0000000088600000|  0%| F|  |TAMS 0x0000000088500000, 0x0000000088500000| Untracked 
| 134|0x0000000088600000, 0x0000000088600000, 0x0000000088700000|  0%| F|  |TAMS 0x0000000088600000, 0x0000000088600000| Untracked 
| 135|0x0000000088700000, 0x0000000088700000, 0x0000000088800000|  0%| F|  |TAMS 0x0000000088700000, 0x0000000088700000| Untracked 
| 136|0x0000000088800000, 0x0000000088800000, 0x0000000088900000|  0%| F|  |TAMS 0x0000000088800000, 0x0000000088800000| Untracked 
| 137|0x0000000088900000, 0x0000000088900000, 0x0000000088a00000|  0%| F|  |TAMS 0x0000000088900000, 0x0000000088900000| Untracked 
| 138|0x0000000088a00000, 0x0000000088a00000, 0x0000000088b00000|  0%| F|  |TAMS 0x0000000088a00000, 0x0000000088a00000| Untracked 
| 139|0x0000000088b00000, 0x0000000088b00000, 0x0000000088c00000|  0%| F|  |TAMS 0x0000000088b00000, 0x0000000088b00000| Untracked 
| 140|0x0000000088c00000, 0x0000000088c00000, 0x0000000088d00000|  0%| F|  |TAMS 0x0000000088c00000, 0x0000000088c00000| Untracked 
| 141|0x0000000088d00000, 0x0000000088d00000, 0x0000000088e00000|  0%| F|  |TAMS 0x0000000088d00000, 0x0000000088d00000| Untracked 
| 142|0x0000000088e00000, 0x0000000088e00000, 0x0000000088f00000|  0%| F|  |TAMS 0x0000000088e00000, 0x0000000088e00000| Untracked 
| 143|0x0000000088f00000, 0x0000000088f00000, 0x0000000089000000|  0%| F|  |TAMS 0x0000000088f00000, 0x0000000088f00000| Untracked 
| 144|0x0000000089000000, 0x0000000089000000, 0x0000000089100000|  0%| F|  |TAMS 0x0000000089000000, 0x0000000089000000| Untracked 
| 145|0x0000000089100000, 0x0000000089100000, 0x0000000089200000|  0%| F|  |TAMS 0x0000000089100000, 0x0000000089100000| Untracked 
| 146|0x0000000089200000, 0x0000000089200000, 0x0000000089300000|  0%| F|  |TAMS 0x0000000089200000, 0x0000000089200000| Untracked 
| 147|0x0000000089300000, 0x0000000089300000, 0x0000000089400000|  0%| F|  |TAMS 0x0000000089300000, 0x0000000089300000| Untracked 
| 148|0x0000000089400000, 0x0000000089400000, 0x0000000089500000|  0%| F|  |TAMS 0x0000000089400000, 0x0000000089400000| Untracked 
| 149|0x0000000089500000, 0x0000000089500000, 0x0000000089600000|  0%| F|  |TAMS 0x0000000089500000, 0x0000000089500000| Untracked 
| 150|0x0000000089600000, 0x0000000089600000, 0x0000000089700000|  0%| F|  |TAMS 0x0000000089600000, 0x0000000089600000| Untracked 
| 151|0x0000000089700000, 0x0000000089700000, 0x0000000089800000|  0%| F|  |TAMS 0x0000000089700000, 0x0000000089700000| Untracked 
| 152|0x0000000089800000, 0x0000000089800000, 0x0000000089900000|  0%| F|  |TAMS 0x0000000089800000, 0x0000000089800000| Untracked 
| 153|0x0000000089900000, 0x0000000089900000, 0x0000000089a00000|  0%| F|  |TAMS 0x0000000089900000, 0x0000000089900000| Untracked 
| 154|0x0000000089a00000, 0x0000000089a00000, 0x0000000089b00000|  0%| F|  |TAMS 0x0000000089a00000, 0x0000000089a00000| Untracked 
| 155|0x0000000089b00000, 0x0000000089b00000, 0x0000000089c00000|  0%| F|  |TAMS 0x0000000089b00000, 0x0000000089b00000| Untracked 
| 156|0x0000000089c00000, 0x0000000089c00000, 0x0000000089d00000|  0%| F|  |TAMS 0x0000000089c00000, 0x0000000089c00000| Untracked 
| 157|0x0000000089d00000, 0x0000000089d00000, 0x0000000089e00000|  0%| F|  |TAMS 0x0000000089d00000, 0x0000000089d00000| Untracked 
| 158|0x0000000089e00000, 0x0000000089e00000, 0x0000000089f00000|  0%| F|  |TAMS 0x0000000089e00000, 0x0000000089e00000| Untracked 
| 159|0x0000000089f00000, 0x0000000089f00000, 0x000000008a000000|  0%| F|  |TAMS 0x0000000089f00000, 0x0000000089f00000| Untracked 
| 160|0x000000008a000000, 0x000000008a000000, 0x000000008a100000|  0%| F|  |TAMS 0x000000008a000000, 0x000000008a000000| Untracked 
| 161|0x000000008a100000, 0x000000008a100000, 0x000000008a200000|  0%| F|  |TAMS 0x000000008a100000, 0x000000008a100000| Untracked 
| 162|0x000000008a200000, 0x000000008a200000, 0x000000008a300000|  0%| F|  |TAMS 0x000000008a200000, 0x000000008a200000| Untracked 
| 163|0x000000008a300000, 0x000000008a300000, 0x000000008a400000|  0%| F|  |TAMS 0x000000008a300000, 0x000000008a300000| Untracked 
| 164|0x000000008a400000, 0x000000008a400000, 0x000000008a500000|  0%| F|  |TAMS 0x000000008a400000, 0x000000008a400000| Untracked 
| 165|0x000000008a500000, 0x000000008a500000, 0x000000008a600000|  0%| F|  |TAMS 0x000000008a500000, 0x000000008a500000| Untracked 
| 166|0x000000008a600000, 0x000000008a600000, 0x000000008a700000|  0%| F|  |TAMS 0x000000008a600000, 0x000000008a600000| Untracked 
| 167|0x000000008a700000, 0x000000008a700000, 0x000000008a800000|  0%| F|  |TAMS 0x000000008a700000, 0x000000008a700000| Untracked 
| 168|0x000000008a800000, 0x000000008a800000, 0x000000008a900000|  0%| F|  |TAMS 0x000000008a800000, 0x000000008a800000| Untracked 
| 169|0x000000008a900000, 0x000000008a900000, 0x000000008aa00000|  0%| F|  |TAMS 0x000000008a900000, 0x000000008a900000| Untracked 
| 170|0x000000008aa00000, 0x000000008aa00000, 0x000000008ab00000|  0%| F|  |TAMS 0x000000008aa00000, 0x000000008aa00000| Untracked 
| 171|0x000000008ab00000, 0x000000008ac00000, 0x000000008ac00000|100%| E|  |TAMS 0x000000008ab00000, 0x000000008ab00000| Complete 
| 172|0x000000008ac00000, 0x000000008ad00000, 0x000000008ad00000|100%| E|CS|TAMS 0x000000008ac00000, 0x000000008ac00000| Complete 
| 173|0x000000008ad00000, 0x000000008ae00000, 0x000000008ae00000|100%| E|CS|TAMS 0x000000008ad00000, 0x000000008ad00000| Complete 
| 174|0x000000008ae00000, 0x000000008af00000, 0x000000008af00000|100%| E|CS|TAMS 0x000000008ae00000, 0x000000008ae00000| Complete 
| 175|0x000000008af00000, 0x000000008b000000, 0x000000008b000000|100%| E|CS|TAMS 0x000000008af00000, 0x000000008af00000| Complete 
| 176|0x000000008b000000, 0x000000008b100000, 0x000000008b100000|100%| E|CS|TAMS 0x000000008b000000, 0x000000008b000000| Complete 
| 177|0x000000008b100000, 0x000000008b200000, 0x000000008b200000|100%| E|CS|TAMS 0x000000008b100000, 0x000000008b100000| Complete 
| 178|0x000000008b200000, 0x000000008b300000, 0x000000008b300000|100%| E|CS|TAMS 0x000000008b200000, 0x000000008b200000| Complete 
| 179|0x000000008b300000, 0x000000008b400000, 0x000000008b400000|100%| E|CS|TAMS 0x000000008b300000, 0x000000008b300000| Complete 
| 180|0x000000008b400000, 0x000000008b500000, 0x000000008b500000|100%| E|CS|TAMS 0x000000008b400000, 0x000000008b400000| Complete 
| 181|0x000000008b500000, 0x000000008b600000, 0x000000008b600000|100%| E|CS|TAMS 0x000000008b500000, 0x000000008b500000| Complete 
| 182|0x000000008b600000, 0x000000008b700000, 0x000000008b700000|100%| E|CS|TAMS 0x000000008b600000, 0x000000008b600000| Complete 
| 183|0x000000008b700000, 0x000000008b800000, 0x000000008b800000|100%| E|CS|TAMS 0x000000008b700000, 0x000000008b700000| Complete 
| 184|0x000000008b800000, 0x000000008b900000, 0x000000008b900000|100%| E|CS|TAMS 0x000000008b800000, 0x000000008b800000| Complete 
| 185|0x000000008b900000, 0x000000008ba00000, 0x000000008ba00000|100%| E|CS|TAMS 0x000000008b900000, 0x000000008b900000| Complete 
| 186|0x000000008ba00000, 0x000000008bb00000, 0x000000008bb00000|100%| E|CS|TAMS 0x000000008ba00000, 0x000000008ba00000| Complete 
| 187|0x000000008bb00000, 0x000000008bc00000, 0x000000008bc00000|100%| E|CS|TAMS 0x000000008bb00000, 0x000000008bb00000| Complete 
| 188|0x000000008bc00000, 0x000000008bd00000, 0x000000008bd00000|100%| E|CS|TAMS 0x000000008bc00000, 0x000000008bc00000| Complete 
| 189|0x000000008bd00000, 0x000000008be00000, 0x000000008be00000|100%| E|CS|TAMS 0x000000008bd00000, 0x000000008bd00000| Complete 
| 190|0x000000008be00000, 0x000000008bf00000, 0x000000008bf00000|100%| E|CS|TAMS 0x000000008be00000, 0x000000008be00000| Complete 
| 191|0x000000008bf00000, 0x000000008c000000, 0x000000008c000000|100%| E|CS|TAMS 0x000000008bf00000, 0x000000008bf00000| Complete 
| 192|0x000000008c000000, 0x000000008c100000, 0x000000008c100000|100%| E|CS|TAMS 0x000000008c000000, 0x000000008c000000| Complete 
| 193|0x000000008c100000, 0x000000008c200000, 0x000000008c200000|100%| E|CS|TAMS 0x000000008c100000, 0x000000008c100000| Complete 
| 194|0x000000008c200000, 0x000000008c300000, 0x000000008c300000|100%| E|CS|TAMS 0x000000008c200000, 0x000000008c200000| Complete 
| 195|0x000000008c300000, 0x000000008c400000, 0x000000008c400000|100%| E|CS|TAMS 0x000000008c300000, 0x000000008c300000| Complete 
| 196|0x000000008c400000, 0x000000008c500000, 0x000000008c500000|100%| E|CS|TAMS 0x000000008c400000, 0x000000008c400000| Complete 
| 197|0x000000008c500000, 0x000000008c600000, 0x000000008c600000|100%| E|CS|TAMS 0x000000008c500000, 0x000000008c500000| Complete 
| 198|0x000000008c600000, 0x000000008c700000, 0x000000008c700000|100%| E|CS|TAMS 0x000000008c600000, 0x000000008c600000| Complete 
| 199|0x000000008c700000, 0x000000008c800000, 0x000000008c800000|100%| E|CS|TAMS 0x000000008c700000, 0x000000008c700000| Complete 
| 200|0x000000008c800000, 0x000000008c900000, 0x000000008c900000|100%| E|CS|TAMS 0x000000008c800000, 0x000000008c800000| Complete 
| 201|0x000000008c900000, 0x000000008ca00000, 0x000000008ca00000|100%| E|CS|TAMS 0x000000008c900000, 0x000000008c900000| Complete 
| 202|0x000000008ca00000, 0x000000008cb00000, 0x000000008cb00000|100%| E|CS|TAMS 0x000000008ca00000, 0x000000008ca00000| Complete 
| 203|0x000000008cb00000, 0x000000008cc00000, 0x000000008cc00000|100%| E|CS|TAMS 0x000000008cb00000, 0x000000008cb00000| Complete 
| 204|0x000000008cc00000, 0x000000008cd00000, 0x000000008cd00000|100%| E|CS|TAMS 0x000000008cc00000, 0x000000008cc00000| Complete 
| 205|0x000000008cd00000, 0x000000008ce00000, 0x000000008ce00000|100%| E|CS|TAMS 0x000000008cd00000, 0x000000008cd00000| Complete 
| 206|0x000000008ce00000, 0x000000008cf00000, 0x000000008cf00000|100%| E|CS|TAMS 0x000000008ce00000, 0x000000008ce00000| Complete 
| 207|0x000000008cf00000, 0x000000008d000000, 0x000000008d000000|100%| E|CS|TAMS 0x000000008cf00000, 0x000000008cf00000| Complete 
| 208|0x000000008d000000, 0x000000008d100000, 0x000000008d100000|100%| E|CS|TAMS 0x000000008d000000, 0x000000008d000000| Complete 
| 209|0x000000008d100000, 0x000000008d200000, 0x000000008d200000|100%| E|CS|TAMS 0x000000008d100000, 0x000000008d100000| Complete 
| 210|0x000000008d200000, 0x000000008d300000, 0x000000008d300000|100%| E|CS|TAMS 0x000000008d200000, 0x000000008d200000| Complete 
| 211|0x000000008d300000, 0x000000008d400000, 0x000000008d400000|100%| E|CS|TAMS 0x000000008d300000, 0x000000008d300000| Complete 
| 212|0x000000008d400000, 0x000000008d500000, 0x000000008d500000|100%| E|CS|TAMS 0x000000008d400000, 0x000000008d400000| Complete 
| 213|0x000000008d500000, 0x000000008d600000, 0x000000008d600000|100%| E|CS|TAMS 0x000000008d500000, 0x000000008d500000| Complete 
| 214|0x000000008d600000, 0x000000008d700000, 0x000000008d700000|100%| E|CS|TAMS 0x000000008d600000, 0x000000008d600000| Complete 
| 215|0x000000008d700000, 0x000000008d800000, 0x000000008d800000|100%| E|CS|TAMS 0x000000008d700000, 0x000000008d700000| Complete 
| 216|0x000000008d800000, 0x000000008d900000, 0x000000008d900000|100%| E|CS|TAMS 0x000000008d800000, 0x000000008d800000| Complete 
| 217|0x000000008d900000, 0x000000008da00000, 0x000000008da00000|100%| E|CS|TAMS 0x000000008d900000, 0x000000008d900000| Complete 
| 218|0x000000008da00000, 0x000000008db00000, 0x000000008db00000|100%| E|CS|TAMS 0x000000008da00000, 0x000000008da00000| Complete 
| 219|0x000000008db00000, 0x000000008dc00000, 0x000000008dc00000|100%| E|CS|TAMS 0x000000008db00000, 0x000000008db00000| Complete 
| 220|0x000000008dc00000, 0x000000008dd00000, 0x000000008dd00000|100%| E|CS|TAMS 0x000000008dc00000, 0x000000008dc00000| Complete 
| 221|0x000000008dd00000, 0x000000008de00000, 0x000000008de00000|100%| E|CS|TAMS 0x000000008dd00000, 0x000000008dd00000| Complete 
| 222|0x000000008de00000, 0x000000008df00000, 0x000000008df00000|100%| E|CS|TAMS 0x000000008de00000, 0x000000008de00000| Complete 
| 223|0x000000008df00000, 0x000000008e000000, 0x000000008e000000|100%| E|CS|TAMS 0x000000008df00000, 0x000000008df00000| Complete 
| 224|0x000000008e000000, 0x000000008e100000, 0x000000008e100000|100%| E|CS|TAMS 0x000000008e000000, 0x000000008e000000| Complete 
| 225|0x000000008e100000, 0x000000008e200000, 0x000000008e200000|100%| E|CS|TAMS 0x000000008e100000, 0x000000008e100000| Complete 
| 226|0x000000008e200000, 0x000000008e300000, 0x000000008e300000|100%| E|CS|TAMS 0x000000008e200000, 0x000000008e200000| Complete 
| 227|0x000000008e300000, 0x000000008e400000, 0x000000008e400000|100%| E|CS|TAMS 0x000000008e300000, 0x000000008e300000| Complete 
| 228|0x000000008e400000, 0x000000008e500000, 0x000000008e500000|100%| E|CS|TAMS 0x000000008e400000, 0x000000008e400000| Complete 
| 229|0x000000008e500000, 0x000000008e600000, 0x000000008e600000|100%| E|CS|TAMS 0x000000008e500000, 0x000000008e500000| Complete 
| 230|0x000000008e600000, 0x000000008e700000, 0x000000008e700000|100%| E|CS|TAMS 0x000000008e600000, 0x000000008e600000| Complete 
| 231|0x000000008e700000, 0x000000008e800000, 0x000000008e800000|100%| E|CS|TAMS 0x000000008e700000, 0x000000008e700000| Complete 
| 232|0x000000008e800000, 0x000000008e900000, 0x000000008e900000|100%| E|CS|TAMS 0x000000008e800000, 0x000000008e800000| Complete 
| 233|0x000000008e900000, 0x000000008ea00000, 0x000000008ea00000|100%| E|CS|TAMS 0x000000008e900000, 0x000000008e900000| Complete 
| 234|0x000000008ea00000, 0x000000008eb00000, 0x000000008eb00000|100%| E|CS|TAMS 0x000000008ea00000, 0x000000008ea00000| Complete 
| 235|0x000000008eb00000, 0x000000008ec00000, 0x000000008ec00000|100%| E|CS|TAMS 0x000000008eb00000, 0x000000008eb00000| Complete 
| 236|0x000000008ec00000, 0x000000008ed00000, 0x000000008ed00000|100%| E|CS|TAMS 0x000000008ec00000, 0x000000008ec00000| Complete 
| 237|0x000000008ed00000, 0x000000008ee00000, 0x000000008ee00000|100%| E|CS|TAMS 0x000000008ed00000, 0x000000008ed00000| Complete 
| 238|0x000000008ee00000, 0x000000008ef00000, 0x000000008ef00000|100%| E|CS|TAMS 0x000000008ee00000, 0x000000008ee00000| Complete 
| 239|0x000000008ef00000, 0x000000008f000000, 0x000000008f000000|100%| E|CS|TAMS 0x000000008ef00000, 0x000000008ef00000| Complete 
| 240|0x000000008f000000, 0x000000008f100000, 0x000000008f100000|100%| E|CS|TAMS 0x000000008f000000, 0x000000008f000000| Complete 
| 241|0x000000008f100000, 0x000000008f200000, 0x000000008f200000|100%| E|CS|TAMS 0x000000008f100000, 0x000000008f100000| Complete 
| 242|0x000000008f200000, 0x000000008f300000, 0x000000008f300000|100%| E|CS|TAMS 0x000000008f200000, 0x000000008f200000| Complete 
| 243|0x000000008f300000, 0x000000008f400000, 0x000000008f400000|100%| E|CS|TAMS 0x000000008f300000, 0x000000008f300000| Complete 
| 244|0x000000008f400000, 0x000000008f500000, 0x000000008f500000|100%| E|CS|TAMS 0x000000008f400000, 0x000000008f400000| Complete 
| 245|0x000000008f500000, 0x000000008f600000, 0x000000008f600000|100%| E|CS|TAMS 0x000000008f500000, 0x000000008f500000| Complete 
| 246|0x000000008f600000, 0x000000008f700000, 0x000000008f700000|100%| E|CS|TAMS 0x000000008f600000, 0x000000008f600000| Complete 
| 247|0x000000008f700000, 0x000000008f800000, 0x000000008f800000|100%| E|CS|TAMS 0x000000008f700000, 0x000000008f700000| Complete 
| 248|0x000000008f800000, 0x000000008f900000, 0x000000008f900000|100%| E|CS|TAMS 0x000000008f800000, 0x000000008f800000| Complete 
| 249|0x000000008f900000, 0x000000008fa00000, 0x000000008fa00000|100%| E|CS|TAMS 0x000000008f900000, 0x000000008f900000| Complete 
| 250|0x000000008fa00000, 0x000000008fb00000, 0x000000008fb00000|100%| E|CS|TAMS 0x000000008fa00000, 0x000000008fa00000| Complete 
| 251|0x000000008fb00000, 0x000000008fc00000, 0x000000008fc00000|100%| E|CS|TAMS 0x000000008fb00000, 0x000000008fb00000| Complete 
| 252|0x000000008fc00000, 0x000000008fd00000, 0x000000008fd00000|100%| E|CS|TAMS 0x000000008fc00000, 0x000000008fc00000| Complete 
| 253|0x000000008fd00000, 0x000000008fe00000, 0x000000008fe00000|100%| E|CS|TAMS 0x000000008fd00000, 0x000000008fd00000| Complete 
| 254|0x000000008fe00000, 0x000000008ff00000, 0x000000008ff00000|100%| E|CS|TAMS 0x000000008fe00000, 0x000000008fe00000| Complete 
| 255|0x000000008ff00000, 0x0000000090000000, 0x0000000090000000|100%| E|CS|TAMS 0x000000008ff00000, 0x000000008ff00000| Complete 

Card table byte_map: [0x0000013d514b0000,0x0000013d518b0000] _byte_map_base: 0x0000013d510b0000

Marking Bits (Prev, Next): (CMBitMap*) 0x0000013d3db6ee38, (CMBitMap*) 0x0000013d3db6ee70
 Prev Bits: [0x0000013d51cb0000, 0x0000013d53cb0000)
 Next Bits: [0x0000013d53cb0000, 0x0000013d55cb0000)

Polling page: 0x0000013d3c310000

Metaspace:

Usage:
  Non-class:     68.93 MB capacity,    67.86 MB ( 98%) used,   900.98 KB (  1%) free+waste,   194.56 KB ( <1%) overhead. 
      Class:     10.79 MB capacity,    10.12 MB ( 94%) used,   594.27 KB (  5%) free+waste,    90.00 KB ( <1%) overhead. 
       Both:     79.72 MB capacity,    77.98 MB ( 98%) used,     1.46 MB (  2%) free+waste,   284.56 KB ( <1%) overhead. 

Virtual space:
  Non-class space:       70.00 MB reserved,      69.00 MB ( 99%) committed 
      Class space:        1.00 GB reserved,      10.82 MB (  1%) committed 
             Both:        1.07 GB reserved,      79.82 MB (  7%) committed 

Chunk freelists:
   Non-Class:  9.00 KB
       Class:  26.00 KB
        Both:  35.00 KB

MaxMetaspaceSize: 17179869184.00 GB
CompressedClassSpaceSize: 1.00 GB

CodeHeap 'non-profiled nmethods': size=120000Kb used=5231Kb max_used=5231Kb free=114768Kb
 bounds [0x0000013d49100000, 0x0000013d49620000, 0x0000013d50630000]
CodeHeap 'profiled nmethods': size=120000Kb used=16289Kb max_used=16289Kb free=103711Kb
 bounds [0x0000013d41bd0000, 0x0000013d42bc0000, 0x0000013d49100000]
CodeHeap 'non-nmethods': size=5760Kb used=2271Kb max_used=2330Kb free=3488Kb
 bounds [0x0000013d41630000, 0x0000013d418a0000, 0x0000013d41bd0000]
 total_blobs=8531 nmethods=7663 adapters=779
 compilation: enabled
              stopped_count=0, restarted_count=0
 full_count=0

Compilation events (20 events):
Event: 12.797 Thread 0x0000013d59081800 7621       3       org.gradle.api.internal.DelegatingDomainObjectSet::isEmpty (10 bytes)
Event: 12.797 Thread 0x0000013d59081800 nmethod 7621 0x0000013d42b99310 code [0x0000013d42b994c0, 0x0000013d42b99688]
Event: 12.797 Thread 0x0000013d59081800 7623       3       org.gradle.api.internal.collections.AbstractIterationOrderRetainingElementSource::isEmpty (10 bytes)
Event: 12.797 Thread 0x0000013d59081800 nmethod 7623 0x0000013d42b99790 code [0x0000013d42b99940, 0x0000013d42b99b08]
Event: 12.806 Thread 0x0000013d59081800 7624       3       org.objectweb.asm.AnnotationWriter::visitArray (62 bytes)
Event: 12.806 Thread 0x0000013d59081800 nmethod 7624 0x0000013d42b99c10 code [0x0000013d42b99e00, 0x0000013d42b9a0f8]
Event: 12.810 Thread 0x0000013d59081800 7626   !   3       com.sun.proxy.$Proxy46::annotationType (29 bytes)
Event: 12.810 Thread 0x0000013d59081800 nmethod 7626 0x0000013d42b9a290 code [0x0000013d42b9a480, 0x0000013d42b9a858]
Event: 12.811 Thread 0x0000013d59081800 7627       3       java.lang.invoke.MethodHandles::privateLookupIn (289 bytes)
Event: 12.814 Thread 0x0000013d59081800 nmethod 7627 0x0000013d42b9aa10 code [0x0000013d42b9b120, 0x0000013d42b9e7b8]
Event: 12.814 Thread 0x0000013d59081800 7628   !   3       java.lang.invoke.MethodHandles$Lookup::defineClass (293 bytes)
Event: 12.816 Thread 0x0000013d59081800 nmethod 7628 0x0000013d42b9fb10 code [0x0000013d42ba0000, 0x0000013d42ba26a8]
Event: 12.816 Thread 0x0000013d59081800 7629       3       jdk.internal.org.objectweb.asm.ClassReader::getClassName (17 bytes)
Event: 12.817 Thread 0x0000013d59081800 nmethod 7629 0x0000013d42ba3690 code [0x0000013d42ba3880, 0x0000013d42ba3c28]
Event: 12.823 Thread 0x0000013d59081800 7632       3       java.lang.Class::enumConstantDirectory (119 bytes)
Event: 12.823 Thread 0x0000013d59081800 nmethod 7632 0x0000013d42ba3e10 code [0x0000013d42ba4140, 0x0000013d42ba5108]
Event: 12.824 Thread 0x0000013d59081800 7631       3       java.lang.Enum::valueOf (73 bytes)
Event: 12.824 Thread 0x0000013d59081800 nmethod 7631 0x0000013d42ba5690 code [0x0000013d42ba5980, 0x0000013d42ba6658]
Event: 12.824 Thread 0x0000013d59081800 7633       3       org.gradle.model.internal.asm.AsmClassGenerator::<init> (88 bytes)
Event: 12.825 Thread 0x0000013d59081800 nmethod 7633 0x0000013d42ba6b10 code [0x0000013d42ba6ee0, 0x0000013d42ba8488]

GC Heap History (16 events):
Event: 0.502 GC heap before
{Heap before GC invocations=0 (full 0):
 garbage-first heap   total 262144K, used 29696K [0x0000000080000000, 0x0000000100000000)
  region size 1024K, 24 young (24576K), 0 survivors (0K)
 Metaspace       used 10184K, capacity 10437K, committed 10624K, reserved 1058816K
  class space    used 1064K, capacity 1139K, committed 1152K, reserved 1048576K
}
Event: 0.504 GC heap after
{Heap after GC invocations=1 (full 0):
 garbage-first heap   total 262144K, used 9411K [0x0000000080000000, 0x0000000100000000)
  region size 1024K, 3 young (3072K), 3 survivors (3072K)
 Metaspace       used 10184K, capacity 10437K, committed 10624K, reserved 1058816K
  class space    used 1064K, capacity 1139K, committed 1152K, reserved 1048576K
}
Event: 1.623 GC heap before
{Heap before GC invocations=1 (full 0):
 garbage-first heap   total 262144K, used 104643K [0x0000000080000000, 0x0000000100000000)
  region size 1024K, 97 young (99328K), 3 survivors (3072K)
 Metaspace       used 20555K, capacity 21104K, committed 21248K, reserved 1067008K
  class space    used 2510K, capacity 2690K, committed 2816K, reserved 1048576K
}
Event: 1.629 GC heap after
{Heap after GC invocations=2 (full 0):
 garbage-first heap   total 262144K, used 16769K [0x0000000080000000, 0x0000000100000000)
  region size 1024K, 11 young (11264K), 11 survivors (11264K)
 Metaspace       used 20555K, capacity 21104K, committed 21248K, reserved 1067008K
  class space    used 2510K, capacity 2690K, committed 2816K, reserved 1048576K
}
Event: 2.157 GC heap before
{Heap before GC invocations=3 (full 0):
 garbage-first heap   total 262144K, used 78209K [0x0000000080000000, 0x0000000100000000)
  region size 1024K, 71 young (72704K), 11 survivors (11264K)
 Metaspace       used 26473K, capacity 27212K, committed 27392K, reserved 1073152K
  class space    used 3490K, capacity 3755K, committed 3840K, reserved 1048576K
}
Event: 2.162 GC heap after
{Heap after GC invocations=4 (full 0):
 garbage-first heap   total 262144K, used 18442K [0x0000000080000000, 0x0000000100000000)
  region size 1024K, 3 young (3072K), 3 survivors (3072K)
 Metaspace       used 26473K, capacity 27212K, committed 27392K, reserved 1073152K
  class space    used 3490K, capacity 3755K, committed 3840K, reserved 1048576K
}
Event: 2.746 GC heap before
{Heap before GC invocations=4 (full 0):
 garbage-first heap   total 262144K, used 66570K [0x0000000080000000, 0x0000000100000000)
  region size 1024K, 52 young (53248K), 3 survivors (3072K)
 Metaspace       used 35040K, capacity 35838K, committed 35840K, reserved 1081344K
  class space    used 4542K, capacity 4864K, committed 4864K, reserved 1048576K
}
Event: 2.752 GC heap after
{Heap after GC invocations=5 (full 0):
 garbage-first heap   total 262144K, used 21598K [0x0000000080000000, 0x0000000100000000)
  region size 1024K, 6 young (6144K), 6 survivors (6144K)
 Metaspace       used 35040K, capacity 35838K, committed 35840K, reserved 1081344K
  class space    used 4542K, capacity 4864K, committed 4864K, reserved 1048576K
}
Event: 3.685 GC heap before
{Heap before GC invocations=6 (full 0):
 garbage-first heap   total 262144K, used 150622K [0x0000000080000000, 0x0000000100000000)
  region size 1024K, 128 young (131072K), 6 survivors (6144K)
 Metaspace       used 44249K, capacity 45308K, committed 45516K, reserved 1089536K
  class space    used 5679K, capacity 6069K, committed 6092K, reserved 1048576K
}
Event: 3.692 GC heap after
{Heap after GC invocations=7 (full 0):
 garbage-first heap   total 262144K, used 28855K [0x0000000080000000, 0x0000000100000000)
  region size 1024K, 13 young (13312K), 13 survivors (13312K)
 Metaspace       used 44249K, capacity 45308K, committed 45516K, reserved 1089536K
  class space    used 5679K, capacity 6069K, committed 6092K, reserved 1048576K
}
Event: 5.349 GC heap before
{Heap before GC invocations=7 (full 0):
 garbage-first heap   total 262144K, used 179383K [0x0000000080000000, 0x0000000100000000)
  region size 1024K, 153 young (156672K), 13 survivors (13312K)
 Metaspace       used 58072K, capacity 59681K, committed 59852K, reserved 1101824K
  class space    used 7391K, capacity 8023K, committed 8140K, reserved 1048576K
}
Event: 5.359 GC heap after
{Heap after GC invocations=8 (full 0):
 garbage-first heap   total 262144K, used 49386K [0x0000000080000000, 0x0000000100000000)
  region size 1024K, 20 young (20480K), 20 survivors (20480K)
 Metaspace       used 58072K, capacity 59681K, committed 59852K, reserved 1101824K
  class space    used 7391K, capacity 8023K, committed 8140K, reserved 1048576K
}
Event: 5.539 GC heap before
{Heap before GC invocations=8 (full 0):
 garbage-first heap   total 262144K, used 52458K [0x0000000080000000, 0x0000000100000000)
  region size 1024K, 24 young (24576K), 20 survivors (20480K)
 Metaspace       used 58565K, capacity 60068K, committed 60288K, reserved 1101824K
  class space    used 7432K, capacity 8024K, committed 8140K, reserved 1048576K
}
Event: 5.551 GC heap after
{Heap after GC invocations=9 (full 0):
 garbage-first heap   total 262144K, used 51945K [0x0000000080000000, 0x0000000100000000)
  region size 1024K, 3 young (3072K), 3 survivors (3072K)
 Metaspace       used 58565K, capacity 60068K, committed 60288K, reserved 1101824K
  class space    used 7432K, capacity 8024K, committed 8140K, reserved 1048576K
}
Event: 11.263 GC heap before
{Heap before GC invocations=10 (full 0):
 garbage-first heap   total 262144K, used 201449K [0x0000000080000000, 0x0000000100000000)
  region size 1024K, 149 young (152576K), 3 survivors (3072K)
 Metaspace       used 70866K, capacity 72461K, committed 72524K, reserved 1112064K
  class space    used 9136K, capacity 9765K, committed 9804K, reserved 1048576K
}
Event: 11.270 GC heap after
{Heap after GC invocations=11 (full 0):
 garbage-first heap   total 262144K, used 60643K [0x0000000080000000, 0x0000000100000000)
  region size 1024K, 12 young (12288K), 12 survivors (12288K)
 Metaspace       used 70866K, capacity 72461K, committed 72524K, reserved 1112064K
  class space    used 9136K, capacity 9765K, committed 9804K, reserved 1048576K
}

Deoptimization events (20 events):
Event: 12.604 Thread 0x0000013d5be4e000 DEOPT PACKING pc=0x0000013d491e0518 sp=0x00000004297f8100
Event: 12.604 Thread 0x0000013d5be4e000 DEOPT UNPACKING pc=0x0000013d4165662f sp=0x00000004297f8078 mode 2
Event: 12.620 Thread 0x0000013d5be4e000 Uncommon trap: trap_request=0xffffff4d fr.pc=0x0000013d4937eafc relative=0x000000000000067c
Event: 12.620 Thread 0x0000013d5be4e000 Uncommon trap: reason=unstable_if action=reinterpret pc=0x0000013d4937eafc method=java.util.HashMap.putVal(ILjava/lang/Object;Ljava/lang/Object;ZZ)Ljava/lang/Object; @ 109 c2
Event: 12.620 Thread 0x0000013d5be4e000 DEOPT PACKING pc=0x0000013d4937eafc sp=0x00000004297f9060
Event: 12.620 Thread 0x0000013d5be4e000 DEOPT UNPACKING pc=0x0000013d4165662f sp=0x00000004297f8fe8 mode 2
Event: 12.664 Thread 0x0000013d5be4e000 DEOPT PACKING pc=0x0000013d42757956 sp=0x00000004297f7540
Event: 12.664 Thread 0x0000013d5be4e000 DEOPT UNPACKING pc=0x0000013d41656dde sp=0x00000004297f6ae0 mode 0
Event: 12.668 Thread 0x0000013d5be4e000 Uncommon trap: trap_request=0xffffffd6 fr.pc=0x0000013d495b7018 relative=0x00000000000009f8
Event: 12.668 Thread 0x0000013d5be4e000 Uncommon trap: reason=array_check action=maybe_recompile pc=0x0000013d495b7018 method=com.google.common.collect.ImmutableSet.construct(I[Ljava/lang/Object;)Lcom/google/common/collect/ImmutableSet; @ 122 c2
Event: 12.668 Thread 0x0000013d5be4e000 DEOPT PACKING pc=0x0000013d495b7018 sp=0x00000004297f92d0
Event: 12.668 Thread 0x0000013d5be4e000 DEOPT UNPACKING pc=0x0000013d4165662f sp=0x00000004297f9268 mode 2
Event: 12.748 Thread 0x0000013d5be4e000 DEOPT PACKING pc=0x0000013d422abcc4 sp=0x00000004297f8750
Event: 12.748 Thread 0x0000013d5be4e000 DEOPT UNPACKING pc=0x0000013d41656dde sp=0x00000004297f7b88 mode 0
Event: 12.748 Thread 0x0000013d5be4e000 DEOPT PACKING pc=0x0000013d422abdcc sp=0x00000004297f87c0
Event: 12.748 Thread 0x0000013d5be4e000 DEOPT UNPACKING pc=0x0000013d41656dde sp=0x00000004297f7c60 mode 0
Event: 12.748 Thread 0x0000013d5be4e000 DEOPT PACKING pc=0x0000013d4237887c sp=0x00000004297f8830
Event: 12.748 Thread 0x0000013d5be4e000 DEOPT UNPACKING pc=0x0000013d41656dde sp=0x00000004297f7c30 mode 0
Event: 12.816 Thread 0x0000013d5be4e000 DEOPT PACKING pc=0x0000013d427eec27 sp=0x00000004297f7ef0
Event: 12.816 Thread 0x0000013d5be4e000 DEOPT UNPACKING pc=0x0000013d41656dde sp=0x00000004297f73a0 mode 0

Classes redefined (0 events):
No events

Internal exceptions (20 events):
Event: 11.431 Thread 0x0000013d5be4e000 Exception <a 'java/lang/ClassNotFoundException'{0x000000008f8714d0}: com/android/build/gradle/internal/api/ApkVariantOutputImpl_DecoratedBeanInfo> (0x000000008f8714d0) thrown at [./src/hotspot/share/classfile/systemDictionary.cpp, line 231]
Event: 11.431 Thread 0x0000013d5be4e000 Exception <a 'java/lang/ClassNotFoundException'{0x000000008f88c590}: com/android/build/gradle/internal/api/ApkVariantOutputImplBeanInfo> (0x000000008f88c590) thrown at [./src/hotspot/share/classfile/systemDictionary.cpp, line 231]
Event: 11.431 Thread 0x0000013d5be4e000 Exception <a 'java/lang/ClassNotFoundException'{0x000000008f8a7c80}: com/android/build/gradle/internal/api/BaseVariantOutputImplBeanInfo> (0x000000008f8a7c80) thrown at [./src/hotspot/share/classfile/systemDictionary.cpp, line 231]
Event: 11.431 Thread 0x0000013d5be4e000 Exception <a 'java/lang/ClassNotFoundException'{0x000000008f8c33d8}: com/android/build/gradle/internal/api/BaseVariantOutputImplCustomizer> (0x000000008f8c33d8) thrown at [./src/hotspot/share/classfile/systemDictionary.cpp, line 231]
Event: 11.432 Thread 0x0000013d5be4e000 Exception <a 'java/lang/ClassNotFoundException'{0x000000008f8f11c8}: com/android/build/gradle/internal/api/ApkVariantOutputImplCustomizer> (0x000000008f8f11c8) thrown at [./src/hotspot/share/classfile/systemDictionary.cpp, line 231]
Event: 11.432 Thread 0x0000013d5be4e000 Exception <a 'java/lang/ClassNotFoundException'{0x000000008f71baa0}: com/android/build/gradle/internal/api/ApkVariantOutputImpl_DecoratedCustomizer> (0x000000008f71baa0) thrown at [./src/hotspot/share/classfile/systemDictionary.cpp, line 231]
Event: 11.612 Thread 0x0000013d5be4e000 Exception <a 'java/lang/ClassNotFoundException'{0x000000008f511430}: com/android/build/gradle/internal/api/ReadOnlyBuildTypeBeanInfo> (0x000000008f511430) thrown at [./src/hotspot/share/classfile/systemDictionary.cpp, line 231]
Event: 11.612 Thread 0x0000013d5be4e000 Exception <a 'java/lang/ClassNotFoundException'{0x000000008f52b9a8}: com/android/build/gradle/internal/api/ReadOnlyBaseConfigBeanInfo> (0x000000008f52b9a8) thrown at [./src/hotspot/share/classfile/systemDictionary.cpp, line 231]
Event: 11.612 Thread 0x0000013d5be4e000 Exception <a 'java/lang/ClassNotFoundException'{0x000000008f5467e0}: com/android/build/gradle/internal/api/ReadOnlyBaseConfigCustomizer> (0x000000008f5467e0) thrown at [./src/hotspot/share/classfile/systemDictionary.cpp, line 231]
Event: 11.613 Thread 0x0000013d5be4e000 Exception <a 'java/lang/ClassNotFoundException'{0x000000008f571498}: com/android/build/gradle/internal/api/ReadOnlyBuildTypeCustomizer> (0x000000008f571498) thrown at [./src/hotspot/share/classfile/systemDictionary.cpp, line 231]
Event: 12.102 Thread 0x0000013d5be4e000 Exception <a 'sun/nio/fs/WindowsException'{0x000000008df2ffb0}> (0x000000008df2ffb0) thrown at [./src/hotspot/share/prims/jni.cpp, line 615]
Event: 12.102 Thread 0x0000013d5be4e000 Exception <a 'sun/nio/fs/WindowsException'{0x000000008df30578}> (0x000000008df30578) thrown at [./src/hotspot/share/prims/jni.cpp, line 615]
Event: 12.221 Thread 0x0000013d5be4e000 Exception <a 'java/lang/NullPointerException'{0x000000008d61a5c0}> (0x000000008d61a5c0) thrown at [./src/hotspot/share/interpreter/linkResolver.cpp, line 1440]
Event: 12.302 Thread 0x0000013d5be4e000 Implicit null exception at 0x0000013d4957a88d to 0x0000013d4957af3c
Event: 12.450 Thread 0x0000013d5be4e000 Exception <a 'java/lang/NoSuchMethodError'{0x000000008c70c248}: 'int java.lang.invoke.DirectMethodHandle$Holder.invokeStatic(java.lang.Object, java.lang.Object, int, java.lang.Object)'> (0x000000008c70c248) thrown at [./src/hotspot/share/interpreter/linkResolver.cpp, line 773]
Event: 12.451 Thread 0x0000013d5be4e000 Exception <a 'java/lang/NoSuchMethodError'{0x000000008c7130f0}: 'java.lang.Object java.lang.invoke.Invokers$Holder.linkToTargetMethod(java.lang.Object, int, java.lang.Object)'> (0x000000008c7130f0) thrown at [./src/hotspot/share/interpreter/linkResolver.cpp, line 773]
Event: 12.502 Thread 0x0000013d5be4e000 Exception <a 'sun/nio/fs/WindowsException'{0x000000008c640280}> (0x000000008c640280) thrown at [./src/hotspot/share/prims/jni.cpp, line 615]
Event: 12.503 Thread 0x0000013d5be4e000 Exception <a 'sun/nio/fs/WindowsException'{0x000000008c641378}> (0x000000008c641378) thrown at [./src/hotspot/share/prims/jni.cpp, line 615]
Event: 12.503 Thread 0x0000013d5be4e000 Exception <a 'sun/nio/fs/WindowsException'{0x000000008c6424a8}> (0x000000008c6424a8) thrown at [./src/hotspot/share/prims/jni.cpp, line 615]
Event: 12.503 Thread 0x0000013d5be4e000 Exception <a 'sun/nio/fs/WindowsException'{0x000000008c6435d8}> (0x000000008c6435d8) thrown at [./src/hotspot/share/prims/jni.cpp, line 615]

Events (20 events):
Event: 12.820 loading class com/android/build/gradle/internal/lint/BuildFeaturesInput
Event: 12.820 loading class com/android/build/gradle/internal/lint/BuildFeaturesInput done
Event: 12.821 loading class com/android/build/gradle/internal/lint/SdkVersionInput
Event: 12.821 loading class com/android/build/gradle/internal/lint/SdkVersionInput done
Event: 12.821 loading class com/android/build/gradle/internal/lint/SourceProviderInput
Event: 12.821 loading class com/android/build/gradle/internal/lint/SourceProviderInput done
Event: 12.822 loading class com/android/build/gradle/internal/lint/JavaArtifactInput
Event: 12.822 loading class com/android/build/gradle/internal/lint/JavaArtifactInput done
Event: 12.825 loading class com/android/build/gradle/internal/component/DynamicFeatureCreationConfig
Event: 12.825 loading class com/android/build/gradle/internal/component/DynamicFeatureCreationConfig done
Event: 12.826 loading class com/android/build/gradle/internal/lint/DependencyCaches
Event: 12.826 loading class com/android/build/gradle/internal/lint/DependencyCaches done
Event: 12.826 loading class com/android/tools/lint/model/LintModelAndroidArtifact
Event: 12.826 loading class com/android/tools/lint/model/LintModelAndroidArtifact done
Event: 12.826 loading class com/android/tools/lint/model/LintModelArtifact
Event: 12.826 loading class com/android/tools/lint/model/LintModelArtifact done
Event: 12.827 loading class com/android/tools/lint/model/LintModelDependencies
Event: 12.827 loading class com/android/tools/lint/model/LintModelDependencies done
Event: 12.827 loading class com/android/build/gradle/internal/ide/dependencies/ArtifactCollectionsInputs
Event: 12.827 loading class com/android/build/gradle/internal/ide/dependencies/ArtifactCollectionsInputs done


Dynamic libraries:
0x00007ff750f40000 - 0x00007ff750f4a000 	C:\Program Files\JetBrains\apps\AndroidStudio\ch-0\211.7628.21.2111.8193401\jre\bin\java.exe
0x00007fffbcd30000 - 0x00007fffbcf25000 	C:\Windows\SYSTEM32\ntdll.dll
0x00007fffbb4c0000 - 0x00007fffbb57e000 	C:\Windows\System32\KERNEL32.DLL
0x00007fffba4c0000 - 0x00007fffba788000 	C:\Windows\System32\KERNELBASE.dll
0x00007fffba980000 - 0x00007fffbaa80000 	C:\Windows\System32\ucrtbase.dll
0x00007fff9c0a0000 - 0x00007fff9c0b9000 	C:\Program Files\JetBrains\apps\AndroidStudio\ch-0\211.7628.21.2111.8193401\jre\bin\jli.dll
0x00007fff97880000 - 0x00007fff97897000 	C:\Program Files\JetBrains\apps\AndroidStudio\ch-0\211.7628.21.2111.8193401\jre\bin\VCRUNTIME140.dll
0x00007fffbb6b0000 - 0x00007fffbb850000 	C:\Windows\System32\USER32.dll
0x00007fffac250000 - 0x00007fffac4ea000 	C:\Windows\WinSxS\amd64_microsoft.windows.common-controls_6595b64144ccf1df_6.0.19041.1110_none_60b5254171f9507e\COMCTL32.dll
0x00007fffba8a0000 - 0x00007fffba8c2000 	C:\Windows\System32\win32u.dll
0x00007fffbc9c0000 - 0x00007fffbca5e000 	C:\Windows\System32\msvcrt.dll
0x00007fffbcb90000 - 0x00007fffbcbba000 	C:\Windows\System32\GDI32.dll
0x00007fffba790000 - 0x00007fffba89b000 	C:\Windows\System32\gdi32full.dll
0x00007fffbabe0000 - 0x00007fffbac7d000 	C:\Windows\System32\msvcp_win.dll
0x00007fffbc1d0000 - 0x00007fffbc200000 	C:\Windows\System32\IMM32.DLL
0x00007fff7dca0000 - 0x00007fff7dd3d000 	C:\Program Files\JetBrains\apps\AndroidStudio\ch-0\211.7628.21.2111.8193401\jre\bin\msvcp140.dll
0x00007fff5e620000 - 0x00007fff5f0f5000 	C:\Program Files\JetBrains\apps\AndroidStudio\ch-0\211.7628.21.2111.8193401\jre\bin\server\jvm.dll
0x00007fffbc7e0000 - 0x00007fffbc88e000 	C:\Windows\System32\ADVAPI32.dll
0x00007fffbc910000 - 0x00007fffbc9ac000 	C:\Windows\System32\sechost.dll
0x00007fffbca60000 - 0x00007fffbcb85000 	C:\Windows\System32\RPCRT4.dll
0x00007fffbc9b0000 - 0x00007fffbc9b8000 	C:\Windows\System32\PSAPI.DLL
0x00007fffb0610000 - 0x00007fffb0619000 	C:\Windows\SYSTEM32\WSOCK32.dll
0x00007fffb4320000 - 0x00007fffb432a000 	C:\Windows\SYSTEM32\VERSION.dll
0x00007fffaeac0000 - 0x00007fffaeae7000 	C:\Windows\SYSTEM32\WINMM.dll
0x00007fffbc260000 - 0x00007fffbc2cb000 	C:\Windows\System32\WS2_32.dll
0x00007fffb8390000 - 0x00007fffb83a2000 	C:\Windows\SYSTEM32\kernel.appcore.dll
0x00007fff9a900000 - 0x00007fff9a911000 	C:\Program Files\JetBrains\apps\AndroidStudio\ch-0\211.7628.21.2111.8193401\jre\bin\verify.dll
0x00007fffad000000 - 0x00007fffad1e4000 	C:\Windows\SYSTEM32\DBGHELP.DLL
0x00007fff9b8c0000 - 0x00007fff9b8ec000 	C:\Windows\SYSTEM32\dbgcore.DLL
0x00007fffbac80000 - 0x00007fffbad02000 	C:\Windows\System32\bcryptPrimitives.dll
0x00007fff8fc80000 - 0x00007fff8fca9000 	C:\Program Files\JetBrains\apps\AndroidStudio\ch-0\211.7628.21.2111.8193401\jre\bin\java.dll
0x00007fffb5780000 - 0x00007fffb578b000 	C:\Program Files\JetBrains\apps\AndroidStudio\ch-0\211.7628.21.2111.8193401\jre\bin\jimage.dll
0x00007fff995a0000 - 0x00007fff995b8000 	C:\Program Files\JetBrains\apps\AndroidStudio\ch-0\211.7628.21.2111.8193401\jre\bin\zip.dll
0x00007fffbba20000 - 0x00007fffbc164000 	C:\Windows\System32\SHELL32.dll
0x00007fffb8590000 - 0x00007fffb8d24000 	C:\Windows\SYSTEM32\windows.storage.dll
0x00007fffbc480000 - 0x00007fffbc7d4000 	C:\Windows\System32\combase.dll
0x00007fffb9df0000 - 0x00007fffb9e1c000 	C:\Windows\SYSTEM32\Wldp.dll
0x00007fffbb5f0000 - 0x00007fffbb69d000 	C:\Windows\System32\SHCORE.dll
0x00007fffbc170000 - 0x00007fffbc1c5000 	C:\Windows\System32\shlwapi.dll
0x00007fffba390000 - 0x00007fffba3af000 	C:\Windows\SYSTEM32\profapi.dll
0x00007fff97ae0000 - 0x00007fff97afa000 	C:\Program Files\JetBrains\apps\AndroidStudio\ch-0\211.7628.21.2111.8193401\jre\bin\net.dll
0x00007fffb53a0000 - 0x00007fffb54aa000 	C:\Windows\SYSTEM32\WINHTTP.dll
0x00007fffb9b50000 - 0x00007fffb9bba000 	C:\Windows\system32\mswsock.dll
0x00007fff8fc60000 - 0x00007fff8fc74000 	C:\Program Files\JetBrains\apps\AndroidStudio\ch-0\211.7628.21.2111.8193401\jre\bin\nio.dll
0x00007fff9f590000 - 0x00007fff9f5b7000 	C:\Users\xincas\.gradle\native\8bec1ad78214c89d9ad589b4d07fe93259594b29d510b10fafb7a158f7737e5d\windows-amd64\native-platform.dll
0x00007fff790f0000 - 0x00007fff7922d000 	C:\Users\xincas\.gradle\native\53dbd7edfb1c66fb8903c78663c9afc45aea4f116125fa6feffd364cf09443e8\windows-amd64\native-platform-file-events.dll
0x00007fffac150000 - 0x00007fffac15a000 	C:\Program Files\JetBrains\apps\AndroidStudio\ch-0\211.7628.21.2111.8193401\jre\bin\management.dll
0x00007fff9f460000 - 0x00007fff9f46d000 	C:\Program Files\JetBrains\apps\AndroidStudio\ch-0\211.7628.21.2111.8193401\jre\bin\management_ext.dll
0x00007fffb9d50000 - 0x00007fffb9d68000 	C:\Windows\SYSTEM32\CRYPTSP.dll
0x00007fffb94d0000 - 0x00007fffb9504000 	C:\Windows\system32\rsaenh.dll
0x00007fffbad10000 - 0x00007fffbad37000 	C:\Windows\System32\bcrypt.dll
0x00007fffba350000 - 0x00007fffba37e000 	C:\Windows\SYSTEM32\USERENV.dll
0x00007fffb9d40000 - 0x00007fffb9d4c000 	C:\Windows\SYSTEM32\CRYPTBASE.dll
0x00007fffb9840000 - 0x00007fffb987b000 	C:\Windows\SYSTEM32\IPHLPAPI.DLL
0x00007fffbb580000 - 0x00007fffbb588000 	C:\Windows\System32\NSI.dll
0x00007fffb4950000 - 0x00007fffb4967000 	C:\Windows\SYSTEM32\dhcpcsvc6.DLL
0x00007fffb4930000 - 0x00007fffb494d000 	C:\Windows\SYSTEM32\dhcpcsvc.DLL
0x00007fffb9880000 - 0x00007fffb994b000 	C:\Windows\SYSTEM32\DNSAPI.dll

dbghelp: loaded successfully - version: 4.0.5 - missing functions: none
symbol engine: initialized successfully - sym options: 0x614 - pdb path: .;C:\Program Files\JetBrains\apps\AndroidStudio\ch-0\211.7628.21.2111.8193401\jre\bin;C:\Windows\SYSTEM32;C:\Windows\WinSxS\amd64_microsoft.windows.common-controls_6595b64144ccf1df_6.0.19041.1110_none_60b5254171f9507e;C:\Program Files\JetBrains\apps\AndroidStudio\ch-0\211.7628.21.2111.8193401\jre\bin\server;C:\Users\xincas\.gradle\native\8bec1ad78214c89d9ad589b4d07fe93259594b29d510b10fafb7a158f7737e5d\windows-amd64;C:\Users\xincas\.gradle\native\53dbd7edfb1c66fb8903c78663c9afc45aea4f116125fa6feffd364cf09443e8\windows-amd64

VM Arguments:
jvm_args: --add-opens=java.base/java.util=ALL-UNNAMED --add-opens=java.base/java.lang=ALL-UNNAMED --add-opens=java.base/java.lang.invoke=ALL-UNNAMED --add-opens=java.base/java.util=ALL-UNNAMED --add-opens=java.prefs/java.util.prefs=ALL-UNNAMED --add-opens=java.prefs/java.util.prefs=ALL-UNNAMED --add-opens=java.base/java.nio.charset=ALL-UNNAMED --add-opens=java.base/java.net=ALL-UNNAMED --add-opens=java.base/java.util.concurrent.atomic=ALL-UNNAMED -Xmx2048m -Dfile.encoding=UTF-8 -Duser.country=RU -Duser.language=ru -Duser.variant 
java_command: org.gradle.launcher.daemon.bootstrap.GradleDaemon 7.0.2
java_class_path (initial): C:\Users\xincas\.gradle\wrapper\dists\gradle-7.0.2-bin\857tjihv64xamwrf0h14cai3r\gradle-7.0.2\lib\gradle-launcher-7.0.2.jar
Launcher Type: SUN_STANDARD

[Global flags]
     intx CICompilerCount                          = 4                                         {product} {ergonomic}
     uint ConcGCThreads                            = 2                                         {product} {ergonomic}
     uint G1ConcRefinementThreads                  = 8                                         {product} {ergonomic}
   size_t G1HeapRegionSize                         = 1048576                                   {product} {ergonomic}
    uintx GCDrainStackTargetSize                   = 64                                        {product} {ergonomic}
   size_t InitialHeapSize                          = 268435456                                 {product} {ergonomic}
   size_t MarkStackSize                            = 4194304                                   {product} {ergonomic}
   size_t MaxHeapSize                              = 2147483648                                {product} {command line}
   size_t MaxNewSize                               = 1287651328                                {product} {ergonomic}
   size_t MinHeapDeltaBytes                        = 1048576                                   {product} {ergonomic}
    uintx NonNMethodCodeHeapSize                   = 5836300                                {pd product} {ergonomic}
    uintx NonProfiledCodeHeapSize                  = 122910970                              {pd product} {ergonomic}
    uintx ProfiledCodeHeapSize                     = 122910970                              {pd product} {ergonomic}
    uintx ReservedCodeCacheSize                    = 251658240                              {pd product} {ergonomic}
     bool SegmentedCodeCache                       = true                                      {product} {ergonomic}
     bool UseCompressedClassPointers               = true                                 {lp64_product} {ergonomic}
     bool UseCompressedOops                        = true                                 {lp64_product} {ergonomic}
     bool UseG1GC                                  = true                                      {product} {ergonomic}
     bool UseLargePagesIndividualAllocation        = false                                  {pd product} {ergonomic}

Logging:
Log output configuration:
 #0: stdout all=warning uptime,level,tags
 #1: stderr all=off uptime,level,tags

Environment Variables:
PATH=C:\Program Files\Common Files\Oracle\Java\javapath;C:\ProgramData\Oracle\Java\javapath;C:\Windows\system32;C:\Windows;C:\Windows\System32\Wbem;C:\Windows\System32\WindowsPowerShell\v1.0\;C:\Windows\System32\OpenSSH\;C:\Program Files (x86)\NVIDIA Corporation\PhysX\Common;C:\Program Files\NVIDIA Corporation\NVIDIA NvDLISR;C:\Program Files\Git\cmd;C:\Program Files\dotnet\;C:\Users\xincas\AppData\Local\Microsoft\WindowsApps
USERNAME=xincas
OS=Windows_NT
PROCESSOR_IDENTIFIER=Intel64 Family 6 Model 165 Stepping 3, GenuineIntel



---------------  S Y S T E M  ---------------

OS: Windows 10 , 64 bit Build 19041 (10.0.19041.1645)
OS uptime: 0 days 1:24 hours

CPU:total 8 (initial active 8) (4 cores per cpu, 2 threads per core) family 6 model 165 stepping 3 microcode 0xcc, cmov, cx8, fxsr, mmx, sse, sse2, sse3, ssse3, sse4.1, sse4.2, popcnt, avx, avx2, aes, clmul, erms, 3dnowpref, lzcnt, ht, tsc, tscinvbit, bmi1, bmi2, adx, fma

Memory: 4k page, system-wide physical 16314M (2072M free)
TotalPageFile size 16314M (AvailPageFile size 4M)
current process WorkingSet (physical memory assigned to process): 464M, peak: 468M
current process commit charge ("private bytes"): 536M, peak: 540M

vm_info: OpenJDK 64-Bit Server VM (11.0.11+9-b60-7590822) for windows-amd64 JRE (11.0.11+9-b60-7590822), built on Jul 29 2021 21:43:44 by "builder" with MS VC++ 14.0 (VS2015)

END.
